[8.794s] DEBUG:colcon:Command line arguments: ['/home/vboxuser/.local/bin/colcon', 'build']
[8.798s] DEBUG:colcon:Parsed command line arguments: Namespace(log_base=None, log_level=None, verb_name='build', build_base='build', install_base='install', merge_install=False, symlink_install=False, test_result_base=None, continue_on_error=False, executor='parallel', parallel_workers=2, event_handlers=None, ignore_user_meta=False, metas=['./colcon.meta'], base_paths=['.'], packages_ignore=None, packages_ignore_regex=None, paths=None, packages_up_to=None, packages_up_to_regex=None, packages_above=None, packages_above_and_dependencies=None, packages_above_depth=None, packages_select_by_dep=None, packages_skip_by_dep=None, packages_skip_up_to=None, packages_select_build_failed=False, packages_skip_build_finished=False, packages_select_test_failures=False, packages_skip_test_passed=False, packages_select=None, packages_skip=None, packages_select_regex=None, packages_skip_regex=None, packages_start=None, packages_end=None, allow_overriding=[], cmake_args=None, cmake_target=None, cmake_target_skip_unavailable=False, cmake_clean_cache=False, cmake_clean_first=False, cmake_force_configure=False, ament_cmake_args=None, catkin_cmake_args=None, catkin_skip_building_tests=False, verb_parser=<colcon_defaults.argument_parser.defaults.DefaultArgumentsDecorator object at 0x7f5737c0f160>, verb_extension=<colcon_core.verb.build.BuildVerb object at 0x7f5737c0f9a0>, main=<bound method BuildVerb.main of <colcon_core.verb.build.BuildVerb object at 0x7f5737c0f9a0>>)
[9.214s] Level 1:colcon.colcon_core.package_discovery:discover_packages(colcon_meta) check parameters
[9.215s] Level 1:colcon.colcon_core.package_discovery:discover_packages(recursive) check parameters
[9.215s] Level 1:colcon.colcon_core.package_discovery:discover_packages(ignore) check parameters
[9.216s] Level 1:colcon.colcon_core.package_discovery:discover_packages(path) check parameters
[9.218s] Level 1:colcon.colcon_core.package_discovery:discover_packages(colcon_meta) discover
[9.218s] Level 1:colcon.colcon_core.package_discovery:discover_packages(recursive) discover
[9.219s] INFO:colcon.colcon_core.package_discovery:Crawling recursively for packages in '/home/vboxuser/ros2_ws'
[9.219s] Level 1:colcon.colcon_core.package_identification:_identify(.) by extensions ['ignore', 'ignore_ament_install']
[9.220s] Level 1:colcon.colcon_core.package_identification:_identify(.) by extension 'ignore'
[9.220s] Level 1:colcon.colcon_core.package_identification:_identify(.) by extension 'ignore_ament_install'
[9.220s] Level 1:colcon.colcon_core.package_identification:_identify(.) by extensions ['colcon_pkg']
[9.221s] Level 1:colcon.colcon_core.package_identification:_identify(.) by extension 'colcon_pkg'
[9.221s] Level 1:colcon.colcon_core.package_identification:_identify(.) by extensions ['colcon_meta']
[9.221s] Level 1:colcon.colcon_core.package_identification:_identify(.) by extension 'colcon_meta'
[9.221s] Level 1:colcon.colcon_core.package_identification:_identify(.) by extensions ['ros']
[9.221s] Level 1:colcon.colcon_core.package_identification:_identify(.) by extension 'ros'
[9.404s] Level 1:colcon.colcon_core.package_identification:_identify(.) by extensions ['cmake', 'python']
[9.407s] Level 1:colcon.colcon_core.package_identification:_identify(.) by extension 'cmake'
[9.407s] Level 1:colcon.colcon_core.package_identification:_identify(.) by extension 'python'
[9.408s] Level 1:colcon.colcon_core.package_identification:_identify(.) by extensions ['python_setup_py']
[9.408s] Level 1:colcon.colcon_core.package_identification:_identify(.) by extension 'python_setup_py'
[9.415s] Level 1:colcon.colcon_core.package_identification:_identify(build) by extensions ['ignore', 'ignore_ament_install']
[9.415s] Level 1:colcon.colcon_core.package_identification:_identify(build) by extension 'ignore'
[9.416s] Level 1:colcon.colcon_core.package_identification:_identify(build) ignored
[9.417s] Level 1:colcon.colcon_core.package_identification:_identify(install) by extensions ['ignore', 'ignore_ament_install']
[9.418s] Level 1:colcon.colcon_core.package_identification:_identify(install) by extension 'ignore'
[9.418s] Level 1:colcon.colcon_core.package_identification:_identify(install) ignored
[9.420s] Level 1:colcon.colcon_core.package_identification:_identify(log) by extensions ['ignore', 'ignore_ament_install']
[9.421s] Level 1:colcon.colcon_core.package_identification:_identify(log) by extension 'ignore'
[9.422s] Level 1:colcon.colcon_core.package_identification:_identify(log) ignored
[9.424s] Level 1:colcon.colcon_core.package_identification:_identify(src) by extensions ['ignore', 'ignore_ament_install']
[9.425s] Level 1:colcon.colcon_core.package_identification:_identify(src) by extension 'ignore'
[9.426s] Level 1:colcon.colcon_core.package_identification:_identify(src) by extension 'ignore_ament_install'
[9.426s] Level 1:colcon.colcon_core.package_identification:_identify(src) by extensions ['colcon_pkg']
[9.426s] Level 1:colcon.colcon_core.package_identification:_identify(src) by extension 'colcon_pkg'
[9.427s] Level 1:colcon.colcon_core.package_identification:_identify(src) by extensions ['colcon_meta']
[9.427s] Level 1:colcon.colcon_core.package_identification:_identify(src) by extension 'colcon_meta'
[9.428s] Level 1:colcon.colcon_core.package_identification:_identify(src) by extensions ['ros']
[9.428s] Level 1:colcon.colcon_core.package_identification:_identify(src) by extension 'ros'
[9.428s] Level 1:colcon.colcon_core.package_identification:_identify(src) by extensions ['cmake', 'python']
[9.429s] Level 1:colcon.colcon_core.package_identification:_identify(src) by extension 'cmake'
[9.429s] Level 1:colcon.colcon_core.package_identification:_identify(src) by extension 'python'
[9.430s] Level 1:colcon.colcon_core.package_identification:_identify(src) by extensions ['python_setup_py']
[9.430s] Level 1:colcon.colcon_core.package_identification:_identify(src) by extension 'python_setup_py'
[9.439s] Level 1:colcon.colcon_core.package_identification:_identify(src/moja_paczka) by extensions ['ignore', 'ignore_ament_install']
[9.442s] Level 1:colcon.colcon_core.package_identification:_identify(src/moja_paczka) by extension 'ignore'
[9.443s] Level 1:colcon.colcon_core.package_identification:_identify(src/moja_paczka) by extension 'ignore_ament_install'
[9.443s] Level 1:colcon.colcon_core.package_identification:_identify(src/moja_paczka) by extensions ['colcon_pkg']
[9.443s] Level 1:colcon.colcon_core.package_identification:_identify(src/moja_paczka) by extension 'colcon_pkg'
[9.443s] Level 1:colcon.colcon_core.package_identification:_identify(src/moja_paczka) by extensions ['colcon_meta']
[9.443s] Level 1:colcon.colcon_core.package_identification:_identify(src/moja_paczka) by extension 'colcon_meta'
[9.444s] Level 1:colcon.colcon_core.package_identification:_identify(src/moja_paczka) by extensions ['ros']
[9.444s] Level 1:colcon.colcon_core.package_identification:_identify(src/moja_paczka) by extension 'ros'
[9.470s] DEBUG:colcon.colcon_core.package_identification:Package 'src/moja_paczka' with type 'ros.ament_python' and name 'moja_paczka'
[9.470s] Level 1:colcon.colcon_core.package_discovery:discover_packages(recursive) using defaults
[9.470s] Level 1:colcon.colcon_core.package_discovery:discover_packages(ignore) discover
[9.470s] Level 1:colcon.colcon_core.package_discovery:discover_packages(ignore) using defaults
[9.470s] Level 1:colcon.colcon_core.package_discovery:discover_packages(path) discover
[9.470s] Level 1:colcon.colcon_core.package_discovery:discover_packages(path) using defaults
[10.212s] Level 1:colcon.colcon_core.package_discovery:discover_packages(prefix_path) check parameters
[10.212s] Level 1:colcon.colcon_core.package_discovery:discover_packages(prefix_path) discover
[10.336s] Level 1:colcon.colcon_core.package_discovery:discover_packages(prefix_path) using defaults
[10.510s] Level 5:colcon.colcon_core.verb:set package 'moja_paczka' build argument 'cmake_args' from command line to 'None'
[10.510s] Level 5:colcon.colcon_core.verb:set package 'moja_paczka' build argument 'cmake_target' from command line to 'None'
[10.511s] Level 5:colcon.colcon_core.verb:set package 'moja_paczka' build argument 'cmake_target_skip_unavailable' from command line to 'False'
[10.511s] Level 5:colcon.colcon_core.verb:set package 'moja_paczka' build argument 'cmake_clean_cache' from command line to 'False'
[10.511s] Level 5:colcon.colcon_core.verb:set package 'moja_paczka' build argument 'cmake_clean_first' from command line to 'False'
[10.511s] Level 5:colcon.colcon_core.verb:set package 'moja_paczka' build argument 'cmake_force_configure' from command line to 'False'
[10.511s] Level 5:colcon.colcon_core.verb:set package 'moja_paczka' build argument 'ament_cmake_args' from command line to 'None'
[10.511s] Level 5:colcon.colcon_core.verb:set package 'moja_paczka' build argument 'catkin_cmake_args' from command line to 'None'
[10.511s] Level 5:colcon.colcon_core.verb:set package 'moja_paczka' build argument 'catkin_skip_building_tests' from command line to 'False'
[10.512s] DEBUG:colcon.colcon_core.verb:Building package 'moja_paczka' with the following arguments: {'ament_cmake_args': None, 'build_base': '/home/vboxuser/ros2_ws/build/moja_paczka', 'catkin_cmake_args': None, 'catkin_skip_building_tests': False, 'cmake_args': None, 'cmake_clean_cache': False, 'cmake_clean_first': False, 'cmake_force_configure': False, 'cmake_target': None, 'cmake_target_skip_unavailable': False, 'install_base': '/home/vboxuser/ros2_ws/install/moja_paczka', 'merge_install': False, 'path': '/home/vboxuser/ros2_ws/src/moja_paczka', 'symlink_install': False, 'test_result_base': None}
[10.616s] INFO:colcon.colcon_core.executor:Executing jobs using 'parallel' executor
[10.721s] DEBUG:colcon.colcon_parallel_executor.executor.parallel:run_until_complete
[10.722s] INFO:colcon.colcon_ros.task.ament_python.build:Building ROS package in '/home/vboxuser/ros2_ws/src/moja_paczka' with build type 'ament_python'
[10.722s] Level 1:colcon.colcon_core.shell:create_environment_hook('moja_paczka', 'ament_prefix_path')
[10.854s] INFO:colcon.colcon_core.plugin_system:Skipping extension 'colcon_core.shell.bat': Not used on non-Windows systems
[10.855s] INFO:colcon.colcon_core.shell:Creating environment hook '/home/vboxuser/ros2_ws/install/moja_paczka/share/moja_paczka/hook/ament_prefix_path.ps1'
[10.859s] INFO:colcon.colcon_core.shell:Creating environment descriptor '/home/vboxuser/ros2_ws/install/moja_paczka/share/moja_paczka/hook/ament_prefix_path.dsv'
[10.867s] INFO:colcon.colcon_core.shell:Creating environment hook '/home/vboxuser/ros2_ws/install/moja_paczka/share/moja_paczka/hook/ament_prefix_path.sh'
[10.993s] INFO:colcon.colcon_core.shell:Skip shell extension 'powershell' for command environment: Not usable outside of PowerShell
[10.993s] DEBUG:colcon.colcon_core.shell:Skip shell extension 'dsv' for command environment
[13.618s] INFO:colcon.colcon_core.task.python.build:Building Python package in '/home/vboxuser/ros2_ws/src/moja_paczka'
[13.728s] INFO:colcon.colcon_core.shell:Skip shell extension 'powershell' for command environment: Not usable outside of PowerShell
[13.731s] DEBUG:colcon.colcon_core.shell:Skip shell extension 'dsv' for command environment
[17.642s] DEBUG:colcon.colcon_core.event_handler.log_command:Invoking command in '/home/vboxuser/ros2_ws/src/moja_paczka': PYTHONPATH=/home/vboxuser/ros2_ws/build/moja_paczka/prefix_override:/home/vboxuser/ros2_ws/install/moja_paczka/lib/python3.10/site-packages: /usr/bin/python3 setup.py egg_info --egg-base ../../build/moja_paczka build --build-base /home/vboxuser/ros2_ws/build/moja_paczka/build install --record /home/vboxuser/ros2_ws/build/moja_paczka/install.log --single-version-externally-managed
[20.766s] DEBUG:colcon.colcon_core.event_handler.log_command:Invoked command in '/home/vboxuser/ros2_ws/src/moja_paczka' returned '0': PYTHONPATH=/home/vboxuser/ros2_ws/build/moja_paczka/prefix_override:/home/vboxuser/ros2_ws/install/moja_paczka/lib/python3.10/site-packages: /usr/bin/python3 setup.py egg_info --egg-base ../../build/moja_paczka build --build-base /home/vboxuser/ros2_ws/build/moja_paczka/build install --record /home/vboxuser/ros2_ws/build/moja_paczka/install.log --single-version-externally-managed
[20.905s] Level 1:colcon.colcon_core.environment:checking '/home/vboxuser/ros2_ws/install/moja_paczka' for CMake module files
[20.925s] Level 1:colcon.colcon_core.environment:checking '/home/vboxuser/ros2_ws/install/moja_paczka' for CMake config files
[20.938s] Level 1:colcon.colcon_core.environment:checking '/home/vboxuser/ros2_ws/install/moja_paczka/lib'
[20.939s] Level 1:colcon.colcon_core.environment:checking '/home/vboxuser/ros2_ws/install/moja_paczka/bin'
[20.939s] Level 1:colcon.colcon_core.environment:checking '/home/vboxuser/ros2_ws/install/moja_paczka/lib/pkgconfig/moja_paczka.pc'
[20.940s] Level 1:colcon.colcon_core.environment:checking '/home/vboxuser/ros2_ws/install/moja_paczka/lib/python3.10/site-packages'
[20.940s] Level 1:colcon.colcon_core.shell:create_environment_hook('moja_paczka', 'pythonpath')
[21.024s] INFO:colcon.colcon_core.shell:Creating environment hook '/home/vboxuser/ros2_ws/install/moja_paczka/share/moja_paczka/hook/pythonpath.ps1'
[21.027s] INFO:colcon.colcon_core.shell:Creating environment descriptor '/home/vboxuser/ros2_ws/install/moja_paczka/share/moja_paczka/hook/pythonpath.dsv'
[21.036s] INFO:colcon.colcon_core.shell:Creating environment hook '/home/vboxuser/ros2_ws/install/moja_paczka/share/moja_paczka/hook/pythonpath.sh'
[21.038s] Level 1:colcon.colcon_core.environment:checking '/home/vboxuser/ros2_ws/install/moja_paczka/bin'
[21.039s] Level 1:colcon.colcon_core.environment:create_environment_scripts_only(moja_paczka)
[21.198s] INFO:colcon.colcon_core.shell:Creating package script '/home/vboxuser/ros2_ws/install/moja_paczka/share/moja_paczka/package.ps1'
[21.220s] INFO:colcon.colcon_core.shell:Creating package descriptor '/home/vboxuser/ros2_ws/install/moja_paczka/share/moja_paczka/package.dsv'
[21.236s] INFO:colcon.colcon_core.shell:Creating package script '/home/vboxuser/ros2_ws/install/moja_paczka/share/moja_paczka/package.sh'
[21.252s] INFO:colcon.colcon_core.shell:Creating package script '/home/vboxuser/ros2_ws/install/moja_paczka/share/moja_paczka/package.bash'
[21.267s] INFO:colcon.colcon_core.shell:Creating package script '/home/vboxuser/ros2_ws/install/moja_paczka/share/moja_paczka/package.zsh'
[21.277s] Level 1:colcon.colcon_core.environment:create_file_with_runtime_dependencies(/home/vboxuser/ros2_ws/install/moja_paczka/share/colcon-core/packages/moja_paczka)
[21.292s] DEBUG:colcon.colcon_parallel_executor.executor.parallel:closing loop
[21.293s] DEBUG:colcon.colcon_parallel_executor.executor.parallel:loop closed
[21.293s] DEBUG:colcon.colcon_parallel_executor.executor.parallel:run_until_complete finished with '0'
[21.298s] DEBUG:colcon.colcon_core.event_reactor:joining thread
[21.502s] INFO:colcon.colcon_core.plugin_system:Skipping extension 'colcon_notification.desktop_notification.terminal_notifier': Not used on non-Darwin systems
[21.502s] INFO:colcon.colcon_core.plugin_system:Skipping extension 'colcon_notification.desktop_notification.win32': Not used on non-Windows systems
[21.502s] INFO:colcon.colcon_notification.desktop_notification:Sending desktop notification using 'notify2'
[21.592s] DEBUG:colcon.colcon_core.event_reactor:joined thread
[21.636s] INFO:colcon.colcon_core.shell:Creating prefix script '/home/vboxuser/ros2_ws/install/local_setup.ps1'
[21.638s] INFO:colcon.colcon_core.shell:Creating prefix util module '/home/vboxuser/ros2_ws/install/_local_setup_util_ps1.py'
[21.659s] INFO:colcon.colcon_core.shell:Creating prefix chain script '/home/vboxuser/ros2_ws/install/setup.ps1'
[21.723s] INFO:colcon.colcon_core.shell:Creating prefix script '/home/vboxuser/ros2_ws/install/local_setup.sh'
[21.727s] INFO:colcon.colcon_core.shell:Creating prefix util module '/home/vboxuser/ros2_ws/install/_local_setup_util_sh.py'
[21.730s] INFO:colcon.colcon_core.shell:Creating prefix chain script '/home/vboxuser/ros2_ws/install/setup.sh'
[21.837s] INFO:colcon.colcon_core.shell:Creating prefix script '/home/vboxuser/ros2_ws/install/local_setup.bash'
[21.849s] INFO:colcon.colcon_core.shell:Creating prefix chain script '/home/vboxuser/ros2_ws/install/setup.bash'
[21.956s] INFO:colcon.colcon_core.shell:Creating prefix script '/home/vboxuser/ros2_ws/install/local_setup.zsh'
[21.960s] INFO:colcon.colcon_core.shell:Creating prefix chain script '/home/vboxuser/ros2_ws/install/setup.zsh'
