[1.267s] Invoking command in '/home/borowa/ros2_ws/src/projekt_niodsr': PYTHONPATH=/home/borowa/ros2_ws/build/projekt_niodsr/prefix_override:/home/borowa/ros2_ws/install/projekt_niodsr/lib/python3.10/site-packages:${PYTHONPATH} /usr/bin/python3 setup.py egg_info --egg-base ../../build/projekt_niodsr build --build-base /home/borowa/ros2_ws/build/projekt_niodsr/build install --record /home/borowa/ros2_ws/build/projekt_niodsr/install.log --single-version-externally-managed
[1.481s] running egg_info
[1.481s] writing ../../build/projekt_niodsr/projekt_niodsr.egg-info/PKG-INFO
[1.482s] writing dependency_links to ../../build/projekt_niodsr/projekt_niodsr.egg-info/dependency_links.txt
[1.484s] writing entry points to ../../build/projekt_niodsr/projekt_niodsr.egg-info/entry_points.txt
[1.484s] writing requirements to ../../build/projekt_niodsr/projekt_niodsr.egg-info/requires.txt
[1.484s] writing top-level names to ../../build/projekt_niodsr/projekt_niodsr.egg-info/top_level.txt
[1.485s] reading manifest file '../../build/projekt_niodsr/projekt_niodsr.egg-info/SOURCES.txt'
[1.486s] writing manifest file '../../build/projekt_niodsr/projekt_niodsr.egg-info/SOURCES.txt'
[1.487s] running build
[1.487s] running build_py
[1.487s] running install
[1.487s] /usr/lib/python3/dist-packages/setuptools/command/install.py:34: SetuptoolsDeprecationWarning: setup.py install is deprecated. Use build and pip and other standards-based tools.
[1.488s]   warnings.warn(
[1.488s] running install_lib
[1.490s] running install_data
[1.490s] running install_egg_info
[1.492s] removing '/home/borowa/ros2_ws/install/projekt_niodsr/lib/python3.10/site-packages/projekt_niodsr-0.0.0-py3.10.egg-info' (and everything under it)
[1.493s] Copying ../../build/projekt_niodsr/projekt_niodsr.egg-info to /home/borowa/ros2_ws/install/projekt_niodsr/lib/python3.10/site-packages/projekt_niodsr-0.0.0-py3.10.egg-info
[1.495s] running install_scripts
[1.525s] Installing publisher script to /home/borowa/ros2_ws/install/projekt_niodsr/lib/projekt_niodsr
[1.525s] writing list of installed files to '/home/borowa/ros2_ws/build/projekt_niodsr/install.log'
[1.563s] Invoked command in '/home/borowa/ros2_ws/src/projekt_niodsr' returned '0': PYTHONPATH=/home/borowa/ros2_ws/build/projekt_niodsr/prefix_override:/home/borowa/ros2_ws/install/projekt_niodsr/lib/python3.10/site-packages:${PYTHONPATH} /usr/bin/python3 setup.py egg_info --egg-base ../../build/projekt_niodsr build --build-base /home/borowa/ros2_ws/build/projekt_niodsr/build install --record /home/borowa/ros2_ws/build/projekt_niodsr/install.log --single-version-externally-managed
