[3.261s] Invoking command in '/home/vboxuser/ros2_ws/build/moja_paczka': PYTHONPATH=/home/vboxuser/ros2_ws/build/moja_paczka/prefix_override:/home/vboxuser/ros2_ws/install/moja_paczka/lib/python3.10/site-packages:${PYTHONPATH} /usr/bin/python3 setup.py develop --editable --build-directory /home/vboxuser/ros2_ws/build/moja_paczka/build --no-deps install_data
[5.170s] running develop
[5.174s] /usr/lib/python3/dist-packages/setuptools/command/easy_install.py:158: EasyInstallDeprecationWarning: easy_install command is deprecated. Use build and pip and other standards-based tools.
[5.175s]   warnings.warn(
[5.178s] /usr/lib/python3/dist-packages/setuptools/command/install.py:34: SetuptoolsDeprecationWarning: setup.py install is deprecated. Use build and pip and other standards-based tools.
[5.178s]   warnings.warn(
[6.124s] running egg_info
[6.125s] writing moja_paczka.egg-info/PKG-INFO
[6.127s] writing dependency_links to moja_paczka.egg-info/dependency_links.txt
[6.128s] writing entry points to moja_paczka.egg-info/entry_points.txt
[6.128s] writing requirements to moja_paczka.egg-info/requires.txt
[6.128s] writing top-level names to moja_paczka.egg-info/top_level.txt
[6.132s] reading manifest file 'moja_paczka.egg-info/SOURCES.txt'
[6.134s] writing manifest file 'moja_paczka.egg-info/SOURCES.txt'
[6.138s] running build_ext
[6.138s] Creating /home/vboxuser/ros2_ws/install/moja_paczka/lib/python3.10/site-packages/moja-paczka.egg-link (link to .)
[6.140s] Installing publisher script to /home/vboxuser/ros2_ws/install/moja_paczka/lib/moja_paczka
[6.141s] 
[6.141s] Installed /home/vboxuser/ros2_ws/build/moja_paczka
[6.141s] running install_data
[6.238s] Invoked command in '/home/vboxuser/ros2_ws/build/moja_paczka' returned '0': PYTHONPATH=/home/vboxuser/ros2_ws/build/moja_paczka/prefix_override:/home/vboxuser/ros2_ws/install/moja_paczka/lib/python3.10/site-packages:${PYTHONPATH} /usr/bin/python3 setup.py develop --editable --build-directory /home/vboxuser/ros2_ws/build/moja_paczka/build --no-deps install_data
