running egg_info
creating ../../build/moja_paczka/moja_paczka.egg-info
writing ../../build/moja_paczka/moja_paczka.egg-info/PKG-INFO
writing dependency_links to ../../build/moja_paczka/moja_paczka.egg-info/dependency_links.txt
writing entry points to ../../build/moja_paczka/moja_paczka.egg-info/entry_points.txt
writing requirements to ../../build/moja_paczka/moja_paczka.egg-info/requires.txt
writing top-level names to ../../build/moja_paczka/moja_paczka.egg-info/top_level.txt
writing manifest file '../../build/moja_paczka/moja_paczka.egg-info/SOURCES.txt'
reading manifest file '../../build/moja_paczka/moja_paczka.egg-info/SOURCES.txt'
writing manifest file '../../build/moja_paczka/moja_paczka.egg-info/SOURCES.txt'
running build
running build_py
creating /home/vboxuser/ros2_ws/build/moja_paczka/build
creating /home/vboxuser/ros2_ws/build/moja_paczka/build/lib
creating /home/vboxuser/ros2_ws/build/moja_paczka/build/lib/moja_paczka
copying moja_paczka/publisher.py -> /home/vboxuser/ros2_ws/build/moja_paczka/build/lib/moja_paczka
copying moja_paczka/__init__.py -> /home/vboxuser/ros2_ws/build/moja_paczka/build/lib/moja_paczka
running install
running install_lib
creating /home/vboxuser/ros2_ws/install/moja_paczka/lib/python3.10/site-packages/moja_paczka
copying /home/vboxuser/ros2_ws/build/moja_paczka/build/lib/moja_paczka/publisher.py -> /home/vboxuser/ros2_ws/install/moja_paczka/lib/python3.10/site-packages/moja_paczka
copying /home/vboxuser/ros2_ws/build/moja_paczka/build/lib/moja_paczka/__init__.py -> /home/vboxuser/ros2_ws/install/moja_paczka/lib/python3.10/site-packages/moja_paczka
byte-compiling /home/vboxuser/ros2_ws/install/moja_paczka/lib/python3.10/site-packages/moja_paczka/publisher.py to publisher.cpython-310.pyc
byte-compiling /home/vboxuser/ros2_ws/install/moja_paczka/lib/python3.10/site-packages/moja_paczka/__init__.py to __init__.cpython-310.pyc
running install_data
creating /home/vboxuser/ros2_ws/install/moja_paczka/share/ament_index
creating /home/vboxuser/ros2_ws/install/moja_paczka/share/ament_index/resource_index
creating /home/vboxuser/ros2_ws/install/moja_paczka/share/ament_index/resource_index/packages
copying resource/moja_paczka -> /home/vboxuser/ros2_ws/install/moja_paczka/share/ament_index/resource_index/packages
copying package.xml -> /home/vboxuser/ros2_ws/install/moja_paczka/share/moja_paczka
running install_egg_info
Copying ../../build/moja_paczka/moja_paczka.egg-info to /home/vboxuser/ros2_ws/install/moja_paczka/lib/python3.10/site-packages/moja_paczka-0.0.0-py3.10.egg-info
running install_scripts
writing list of installed files to '/home/vboxuser/ros2_ws/build/moja_paczka/install.log'
