[4.156s] Invoking command in '/home/vboxuser/ros2_ws/build/moja_paczka': PYTHONPATH=/home/vboxuser/ros2_ws/build/moja_paczka/prefix_override:/home/vboxuser/ros2_ws/install/moja_paczka/lib/python3.10/site-packages:${PYTHONPATH} /usr/bin/python3 setup.py develop --uninstall --editable --build-directory /home/vboxuser/ros2_ws/build/moja_paczka/build
[5.845s] running develop
[5.854s] /usr/lib/python3/dist-packages/setuptools/command/easy_install.py:158: EasyInstallDeprecationWarning: easy_install command is deprecated. Use build and pip and other standards-based tools.
[5.854s]   warnings.warn(
[5.862s] /usr/lib/python3/dist-packages/setuptools/command/install.py:34: SetuptoolsDeprecationWarning: setup.py install is deprecated. Use build and pip and other standards-based tools.
[5.862s]   warnings.warn(
[7.188s] Removing /home/vboxuser/ros2_ws/install/moja_paczka/lib/python3.10/site-packages/moja-paczka.egg-link (link to .)
[7.483s] Invoked command in '/home/vboxuser/ros2_ws/build/moja_paczka' returned '0': PYTHONPATH=/home/vboxuser/ros2_ws/build/moja_paczka/prefix_override:/home/vboxuser/ros2_ws/install/moja_paczka/lib/python3.10/site-packages:${PYTHONPATH} /usr/bin/python3 setup.py develop --uninstall --editable --build-directory /home/vboxuser/ros2_ws/build/moja_paczka/build
[7.484s] Invoking command in '/home/vboxuser/ros2_ws/src/moja_paczka': PYTHONPATH=/home/vboxuser/ros2_ws/build/moja_paczka/prefix_override:/home/vboxuser/ros2_ws/install/moja_paczka/lib/python3.10/site-packages:${PYTHONPATH} /usr/bin/python3 setup.py egg_info --egg-base ../../build/moja_paczka build --build-base /home/vboxuser/ros2_ws/build/moja_paczka/build install --record /home/vboxuser/ros2_ws/build/moja_paczka/install.log --single-version-externally-managed
[9.808s] running egg_info
[9.810s] writing ../../build/moja_paczka/moja_paczka.egg-info/PKG-INFO
[9.811s] writing dependency_links to ../../build/moja_paczka/moja_paczka.egg-info/dependency_links.txt
[9.811s] writing entry points to ../../build/moja_paczka/moja_paczka.egg-info/entry_points.txt
[9.812s] writing requirements to ../../build/moja_paczka/moja_paczka.egg-info/requires.txt
[9.812s] writing top-level names to ../../build/moja_paczka/moja_paczka.egg-info/top_level.txt
[9.820s] reading manifest file '../../build/moja_paczka/moja_paczka.egg-info/SOURCES.txt'
[9.826s] writing manifest file '../../build/moja_paczka/moja_paczka.egg-info/SOURCES.txt'
[9.827s] running build
[9.827s] running build_py
[9.828s] copying moja_paczka/publisher.py -> /home/vboxuser/ros2_ws/build/moja_paczka/build/lib/moja_paczka
[9.829s] running install
[9.831s] /usr/lib/python3/dist-packages/setuptools/command/install.py:34: SetuptoolsDeprecationWarning: setup.py install is deprecated. Use build and pip and other standards-based tools.
[9.831s]   warnings.warn(
[9.831s] running install_lib
[9.834s] creating /home/vboxuser/ros2_ws/install/moja_paczka/lib/python3.10/site-packages/moja_paczka
[9.834s] copying /home/vboxuser/ros2_ws/build/moja_paczka/build/lib/moja_paczka/publisher.py -> /home/vboxuser/ros2_ws/install/moja_paczka/lib/python3.10/site-packages/moja_paczka
[9.835s] copying /home/vboxuser/ros2_ws/build/moja_paczka/build/lib/moja_paczka/__init__.py -> /home/vboxuser/ros2_ws/install/moja_paczka/lib/python3.10/site-packages/moja_paczka
[9.838s] byte-compiling /home/vboxuser/ros2_ws/install/moja_paczka/lib/python3.10/site-packages/moja_paczka/publisher.py to publisher.cpython-310.pyc
[9.840s] byte-compiling /home/vboxuser/ros2_ws/install/moja_paczka/lib/python3.10/site-packages/moja_paczka/__init__.py to __init__.cpython-310.pyc
[9.841s] running install_data
[9.843s] running install_egg_info
[9.848s] Copying ../../build/moja_paczka/moja_paczka.egg-info to /home/vboxuser/ros2_ws/install/moja_paczka/lib/python3.10/site-packages/moja_paczka-0.0.0-py3.10.egg-info
[9.852s] running install_scripts
[9.929s] writing list of installed files to '/home/vboxuser/ros2_ws/build/moja_paczka/install.log'
[10.051s] Invoked command in '/home/vboxuser/ros2_ws/src/moja_paczka' returned '0': PYTHONPATH=/home/vboxuser/ros2_ws/build/moja_paczka/prefix_override:/home/vboxuser/ros2_ws/install/moja_paczka/lib/python3.10/site-packages:${PYTHONPATH} /usr/bin/python3 setup.py egg_info --egg-base ../../build/moja_paczka build --build-base /home/vboxuser/ros2_ws/build/moja_paczka/build install --record /home/vboxuser/ros2_ws/build/moja_paczka/install.log --single-version-externally-managed
