[8.292s] DEBUG:colcon:Command line arguments: ['/home/vboxuser/.local/bin/colcon', 'build']
[8.292s] DEBUG:colcon:Parsed command line arguments: Namespace(log_base=None, log_level=None, verb_name='build', build_base='build', install_base='install', merge_install=False, symlink_install=False, test_result_base=None, continue_on_error=False, executor='parallel', parallel_workers=2, event_handlers=None, ignore_user_meta=False, metas=['./colcon.meta'], base_paths=['.'], packages_ignore=None, packages_ignore_regex=None, paths=None, packages_up_to=None, packages_up_to_regex=None, packages_above=None, packages_above_and_dependencies=None, packages_above_depth=None, packages_select_by_dep=None, packages_skip_by_dep=None, packages_skip_up_to=None, packages_select_build_failed=False, packages_skip_build_finished=False, packages_select_test_failures=False, packages_skip_test_passed=False, packages_select=None, packages_skip=None, packages_select_regex=None, packages_skip_regex=None, packages_start=None, packages_end=None, allow_overriding=[], cmake_args=None, cmake_target=None, cmake_target_skip_unavailable=False, cmake_clean_cache=False, cmake_clean_first=False, cmake_force_configure=False, ament_cmake_args=None, catkin_cmake_args=None, catkin_skip_building_tests=False, verb_parser=<colcon_defaults.argument_parser.defaults.DefaultArgumentsDecorator object at 0x7fd79ae4eaa0>, verb_extension=<colcon_core.verb.build.BuildVerb object at 0x7fd79ae4e890>, main=<bound method BuildVerb.main of <colcon_core.verb.build.BuildVerb object at 0x7fd79ae4e890>>)
[8.674s] Level 1:colcon.colcon_core.package_discovery:discover_packages(colcon_meta) check parameters
[8.675s] Level 1:colcon.colcon_core.package_discovery:discover_packages(recursive) check parameters
[8.675s] Level 1:colcon.colcon_core.package_discovery:discover_packages(ignore) check parameters
[8.675s] Level 1:colcon.colcon_core.package_discovery:discover_packages(path) check parameters
[8.675s] Level 1:colcon.colcon_core.package_discovery:discover_packages(colcon_meta) discover
[8.675s] Level 1:colcon.colcon_core.package_discovery:discover_packages(recursive) discover
[8.675s] INFO:colcon.colcon_core.package_discovery:Crawling recursively for packages in '/home/vboxuser/ros2_ws'
[8.683s] Level 1:colcon.colcon_core.package_identification:_identify(.) by extensions ['ignore', 'ignore_ament_install']
[8.684s] Level 1:colcon.colcon_core.package_identification:_identify(.) by extension 'ignore'
[8.684s] Level 1:colcon.colcon_core.package_identification:_identify(.) by extension 'ignore_ament_install'
[8.684s] Level 1:colcon.colcon_core.package_identification:_identify(.) by extensions ['colcon_pkg']
[8.684s] Level 1:colcon.colcon_core.package_identification:_identify(.) by extension 'colcon_pkg'
[8.684s] Level 1:colcon.colcon_core.package_identification:_identify(.) by extensions ['colcon_meta']
[8.684s] Level 1:colcon.colcon_core.package_identification:_identify(.) by extension 'colcon_meta'
[8.684s] Level 1:colcon.colcon_core.package_identification:_identify(.) by extensions ['ros']
[8.685s] Level 1:colcon.colcon_core.package_identification:_identify(.) by extension 'ros'
[8.764s] Level 1:colcon.colcon_core.package_identification:_identify(.) by extensions ['cmake', 'python']
[8.764s] Level 1:colcon.colcon_core.package_identification:_identify(.) by extension 'cmake'
[8.765s] Level 1:colcon.colcon_core.package_identification:_identify(.) by extension 'python'
[8.765s] Level 1:colcon.colcon_core.package_identification:_identify(.) by extensions ['python_setup_py']
[8.765s] Level 1:colcon.colcon_core.package_identification:_identify(.) by extension 'python_setup_py'
[8.766s] Level 1:colcon.colcon_core.package_identification:_identify(build) by extensions ['ignore', 'ignore_ament_install']
[8.767s] Level 1:colcon.colcon_core.package_identification:_identify(build) by extension 'ignore'
[8.767s] Level 1:colcon.colcon_core.package_identification:_identify(build) ignored
[8.767s] Level 1:colcon.colcon_core.package_identification:_identify(install) by extensions ['ignore', 'ignore_ament_install']
[8.767s] Level 1:colcon.colcon_core.package_identification:_identify(install) by extension 'ignore'
[8.768s] Level 1:colcon.colcon_core.package_identification:_identify(install) ignored
[8.768s] Level 1:colcon.colcon_core.package_identification:_identify(log) by extensions ['ignore', 'ignore_ament_install']
[8.768s] Level 1:colcon.colcon_core.package_identification:_identify(log) by extension 'ignore'
[8.768s] Level 1:colcon.colcon_core.package_identification:_identify(log) ignored
[8.768s] Level 1:colcon.colcon_core.package_identification:_identify(src) by extensions ['ignore', 'ignore_ament_install']
[8.768s] Level 1:colcon.colcon_core.package_identification:_identify(src) by extension 'ignore'
[8.769s] Level 1:colcon.colcon_core.package_identification:_identify(src) by extension 'ignore_ament_install'
[8.769s] Level 1:colcon.colcon_core.package_identification:_identify(src) by extensions ['colcon_pkg']
[8.769s] Level 1:colcon.colcon_core.package_identification:_identify(src) by extension 'colcon_pkg'
[8.769s] Level 1:colcon.colcon_core.package_identification:_identify(src) by extensions ['colcon_meta']
[8.769s] Level 1:colcon.colcon_core.package_identification:_identify(src) by extension 'colcon_meta'
[8.769s] Level 1:colcon.colcon_core.package_identification:_identify(src) by extensions ['ros']
[8.769s] Level 1:colcon.colcon_core.package_identification:_identify(src) by extension 'ros'
[8.769s] Level 1:colcon.colcon_core.package_identification:_identify(src) by extensions ['cmake', 'python']
[8.769s] Level 1:colcon.colcon_core.package_identification:_identify(src) by extension 'cmake'
[8.769s] Level 1:colcon.colcon_core.package_identification:_identify(src) by extension 'python'
[8.776s] Level 1:colcon.colcon_core.package_identification:_identify(src) by extensions ['python_setup_py']
[8.776s] Level 1:colcon.colcon_core.package_identification:_identify(src) by extension 'python_setup_py'
[8.777s] Level 1:colcon.colcon_core.package_identification:_identify(src/moja_paczka) by extensions ['ignore', 'ignore_ament_install']
[8.777s] Level 1:colcon.colcon_core.package_identification:_identify(src/moja_paczka) by extension 'ignore'
[8.777s] Level 1:colcon.colcon_core.package_identification:_identify(src/moja_paczka) by extension 'ignore_ament_install'
[8.778s] Level 1:colcon.colcon_core.package_identification:_identify(src/moja_paczka) by extensions ['colcon_pkg']
[8.778s] Level 1:colcon.colcon_core.package_identification:_identify(src/moja_paczka) by extension 'colcon_pkg'
[8.778s] Level 1:colcon.colcon_core.package_identification:_identify(src/moja_paczka) by extensions ['colcon_meta']
[8.778s] Level 1:colcon.colcon_core.package_identification:_identify(src/moja_paczka) by extension 'colcon_meta'
[8.778s] Level 1:colcon.colcon_core.package_identification:_identify(src/moja_paczka) by extensions ['ros']
[8.778s] Level 1:colcon.colcon_core.package_identification:_identify(src/moja_paczka) by extension 'ros'
[8.807s] DEBUG:colcon.colcon_core.package_identification:Package 'src/moja_paczka' with type 'ros.ament_python' and name 'moja_paczka'
[8.833s] Level 1:colcon.colcon_core.package_discovery:discover_packages(recursive) using defaults
[8.833s] Level 1:colcon.colcon_core.package_discovery:discover_packages(ignore) discover
[8.834s] Level 1:colcon.colcon_core.package_discovery:discover_packages(ignore) using defaults
[8.834s] Level 1:colcon.colcon_core.package_discovery:discover_packages(path) discover
[8.839s] Level 1:colcon.colcon_core.package_discovery:discover_packages(path) using defaults
[9.670s] Level 1:colcon.colcon_core.package_discovery:discover_packages(prefix_path) check parameters
[9.670s] Level 1:colcon.colcon_core.package_discovery:discover_packages(prefix_path) discover
[10.004s] DEBUG:colcon.colcon_installed_package_information.package_discovery:Found 1 installed packages in /home/vboxuser/ros2_ws/install
[10.099s] DEBUG:colcon.colcon_installed_package_information.package_discovery:Found 407 installed packages in /opt/ros/humble
[10.109s] Level 1:colcon.colcon_core.package_discovery:discover_packages(prefix_path) using defaults
[11.168s] Level 5:colcon.colcon_core.verb:set package 'moja_paczka' build argument 'cmake_args' from command line to 'None'
[11.168s] Level 5:colcon.colcon_core.verb:set package 'moja_paczka' build argument 'cmake_target' from command line to 'None'
[11.168s] Level 5:colcon.colcon_core.verb:set package 'moja_paczka' build argument 'cmake_target_skip_unavailable' from command line to 'False'
[11.168s] Level 5:colcon.colcon_core.verb:set package 'moja_paczka' build argument 'cmake_clean_cache' from command line to 'False'
[11.168s] Level 5:colcon.colcon_core.verb:set package 'moja_paczka' build argument 'cmake_clean_first' from command line to 'False'
[11.168s] Level 5:colcon.colcon_core.verb:set package 'moja_paczka' build argument 'cmake_force_configure' from command line to 'False'
[11.169s] Level 5:colcon.colcon_core.verb:set package 'moja_paczka' build argument 'ament_cmake_args' from command line to 'None'
[11.169s] Level 5:colcon.colcon_core.verb:set package 'moja_paczka' build argument 'catkin_cmake_args' from command line to 'None'
[11.169s] Level 5:colcon.colcon_core.verb:set package 'moja_paczka' build argument 'catkin_skip_building_tests' from command line to 'False'
[11.169s] DEBUG:colcon.colcon_core.verb:Building package 'moja_paczka' with the following arguments: {'ament_cmake_args': None, 'build_base': '/home/vboxuser/ros2_ws/build/moja_paczka', 'catkin_cmake_args': None, 'catkin_skip_building_tests': False, 'cmake_args': None, 'cmake_clean_cache': False, 'cmake_clean_first': False, 'cmake_force_configure': False, 'cmake_target': None, 'cmake_target_skip_unavailable': False, 'install_base': '/home/vboxuser/ros2_ws/install/moja_paczka', 'merge_install': False, 'path': '/home/vboxuser/ros2_ws/src/moja_paczka', 'symlink_install': False, 'test_result_base': None}
[11.235s] INFO:colcon.colcon_core.executor:Executing jobs using 'parallel' executor
[11.308s] DEBUG:colcon.colcon_parallel_executor.executor.parallel:run_until_complete
[11.309s] INFO:colcon.colcon_ros.task.ament_python.build:Building ROS package in '/home/vboxuser/ros2_ws/src/moja_paczka' with build type 'ament_python'
[11.309s] Level 1:colcon.colcon_core.shell:create_environment_hook('moja_paczka', 'ament_prefix_path')
[11.425s] INFO:colcon.colcon_core.plugin_system:Skipping extension 'colcon_core.shell.bat': Not used on non-Windows systems
[11.426s] INFO:colcon.colcon_core.shell:Creating environment hook '/home/vboxuser/ros2_ws/install/moja_paczka/share/moja_paczka/hook/ament_prefix_path.ps1'
[11.428s] INFO:colcon.colcon_core.shell:Creating environment descriptor '/home/vboxuser/ros2_ws/install/moja_paczka/share/moja_paczka/hook/ament_prefix_path.dsv'
[11.428s] INFO:colcon.colcon_core.shell:Creating environment hook '/home/vboxuser/ros2_ws/install/moja_paczka/share/moja_paczka/hook/ament_prefix_path.sh'
[11.524s] INFO:colcon.colcon_core.shell:Skip shell extension 'powershell' for command environment: Not usable outside of PowerShell
[11.524s] DEBUG:colcon.colcon_core.shell:Skip shell extension 'dsv' for command environment
[14.843s] INFO:colcon.colcon_core.task.python.build:Building Python package in '/home/vboxuser/ros2_ws/src/moja_paczka'
[15.096s] INFO:colcon.colcon_core.shell:Skip shell extension 'powershell' for command environment: Not usable outside of PowerShell
[15.097s] DEBUG:colcon.colcon_core.shell:Skip shell extension 'dsv' for command environment
[19.493s] DEBUG:colcon.colcon_core.event_handler.log_command:Invoking command in '/home/vboxuser/ros2_ws/src/moja_paczka': PYTHONPATH=/home/vboxuser/ros2_ws/build/moja_paczka/prefix_override:/home/vboxuser/ros2_ws/install/moja_paczka/lib/python3.10/site-packages:${PYTHONPATH} /usr/bin/python3 setup.py egg_info --egg-base ../../build/moja_paczka build --build-base /home/vboxuser/ros2_ws/build/moja_paczka/build install --record /home/vboxuser/ros2_ws/build/moja_paczka/install.log --single-version-externally-managed
[22.617s] DEBUG:colcon.colcon_core.event_handler.log_command:Invoked command in '/home/vboxuser/ros2_ws/src/moja_paczka' returned '0': PYTHONPATH=/home/vboxuser/ros2_ws/build/moja_paczka/prefix_override:/home/vboxuser/ros2_ws/install/moja_paczka/lib/python3.10/site-packages:${PYTHONPATH} /usr/bin/python3 setup.py egg_info --egg-base ../../build/moja_paczka build --build-base /home/vboxuser/ros2_ws/build/moja_paczka/build install --record /home/vboxuser/ros2_ws/build/moja_paczka/install.log --single-version-externally-managed
[22.803s] Level 1:colcon.colcon_core.environment:checking '/home/vboxuser/ros2_ws/install/moja_paczka' for CMake module files
[22.807s] Level 1:colcon.colcon_core.environment:checking '/home/vboxuser/ros2_ws/install/moja_paczka' for CMake config files
[22.813s] Level 1:colcon.colcon_core.environment:checking '/home/vboxuser/ros2_ws/install/moja_paczka/lib'
[22.813s] Level 1:colcon.colcon_core.environment:checking '/home/vboxuser/ros2_ws/install/moja_paczka/bin'
[22.814s] Level 1:colcon.colcon_core.environment:checking '/home/vboxuser/ros2_ws/install/moja_paczka/lib/pkgconfig/moja_paczka.pc'
[22.814s] Level 1:colcon.colcon_core.environment:checking '/home/vboxuser/ros2_ws/install/moja_paczka/lib/python3.10/site-packages'
[22.814s] Level 1:colcon.colcon_core.shell:create_environment_hook('moja_paczka', 'pythonpath')
[22.905s] INFO:colcon.colcon_core.shell:Creating environment hook '/home/vboxuser/ros2_ws/install/moja_paczka/share/moja_paczka/hook/pythonpath.ps1'
[22.913s] INFO:colcon.colcon_core.shell:Creating environment descriptor '/home/vboxuser/ros2_ws/install/moja_paczka/share/moja_paczka/hook/pythonpath.dsv'
[22.914s] INFO:colcon.colcon_core.shell:Creating environment hook '/home/vboxuser/ros2_ws/install/moja_paczka/share/moja_paczka/hook/pythonpath.sh'
[22.915s] Level 1:colcon.colcon_core.environment:checking '/home/vboxuser/ros2_ws/install/moja_paczka/bin'
[22.915s] Level 1:colcon.colcon_core.environment:create_environment_scripts_only(moja_paczka)
[23.073s] INFO:colcon.colcon_core.shell:Creating package script '/home/vboxuser/ros2_ws/install/moja_paczka/share/moja_paczka/package.ps1'
[23.093s] INFO:colcon.colcon_core.shell:Creating package descriptor '/home/vboxuser/ros2_ws/install/moja_paczka/share/moja_paczka/package.dsv'
[23.095s] INFO:colcon.colcon_core.shell:Creating package script '/home/vboxuser/ros2_ws/install/moja_paczka/share/moja_paczka/package.sh'
[23.098s] INFO:colcon.colcon_core.shell:Creating package script '/home/vboxuser/ros2_ws/install/moja_paczka/share/moja_paczka/package.bash'
[23.107s] INFO:colcon.colcon_core.shell:Creating package script '/home/vboxuser/ros2_ws/install/moja_paczka/share/moja_paczka/package.zsh'
[23.119s] Level 1:colcon.colcon_core.environment:create_file_with_runtime_dependencies(/home/vboxuser/ros2_ws/install/moja_paczka/share/colcon-core/packages/moja_paczka)
[23.125s] DEBUG:colcon.colcon_parallel_executor.executor.parallel:closing loop
[23.126s] DEBUG:colcon.colcon_parallel_executor.executor.parallel:loop closed
[23.126s] DEBUG:colcon.colcon_parallel_executor.executor.parallel:run_until_complete finished with '0'
[23.126s] DEBUG:colcon.colcon_core.event_reactor:joining thread
[23.353s] INFO:colcon.colcon_core.plugin_system:Skipping extension 'colcon_notification.desktop_notification.terminal_notifier': Not used on non-Darwin systems
[23.354s] INFO:colcon.colcon_core.plugin_system:Skipping extension 'colcon_notification.desktop_notification.win32': Not used on non-Windows systems
[23.354s] INFO:colcon.colcon_notification.desktop_notification:Sending desktop notification using 'notify2'
[23.454s] DEBUG:colcon.colcon_core.event_reactor:joined thread
[23.586s] INFO:colcon.colcon_core.shell:Creating prefix script '/home/vboxuser/ros2_ws/install/local_setup.ps1'
[23.592s] INFO:colcon.colcon_core.shell:Creating prefix util module '/home/vboxuser/ros2_ws/install/_local_setup_util_ps1.py'
[23.611s] INFO:colcon.colcon_core.shell:Creating prefix chain script '/home/vboxuser/ros2_ws/install/setup.ps1'
[23.721s] INFO:colcon.colcon_core.shell:Creating prefix script '/home/vboxuser/ros2_ws/install/local_setup.sh'
[23.725s] INFO:colcon.colcon_core.shell:Creating prefix util module '/home/vboxuser/ros2_ws/install/_local_setup_util_sh.py'
[23.736s] INFO:colcon.colcon_core.shell:Creating prefix chain script '/home/vboxuser/ros2_ws/install/setup.sh'
[23.878s] INFO:colcon.colcon_core.shell:Creating prefix script '/home/vboxuser/ros2_ws/install/local_setup.bash'
[23.883s] INFO:colcon.colcon_core.shell:Creating prefix chain script '/home/vboxuser/ros2_ws/install/setup.bash'
[24.019s] INFO:colcon.colcon_core.shell:Creating prefix script '/home/vboxuser/ros2_ws/install/local_setup.zsh'
[24.025s] INFO:colcon.colcon_core.shell:Creating prefix chain script '/home/vboxuser/ros2_ws/install/setup.zsh'
