[2.323s] Invoking command in '/home/borowa/ros2_ws/src/sensors_demos_gazebo': PYTHONPATH=/home/borowa/ros2_ws/build/sensors_demos_gazebo/prefix_override:/home/borowa/ros2_ws/install/sensors_demos_gazebo/lib/python3.10/site-packages:${PYTHONPATH} /usr/bin/python3 setup.py egg_info --egg-base ../../build/sensors_demos_gazebo build --build-base /home/borowa/ros2_ws/build/sensors_demos_gazebo/build install --record /home/borowa/ros2_ws/build/sensors_demos_gazebo/install.log --install-scripts $base/lib/sensors_demos_gazebo --single-version-externally-managed
[2.988s] /usr/lib/python3/dist-packages/setuptools/dist.py:723: UserWarning: Usage of dash-separated 'script-dir' will not be supported in future versions. Please use the underscore name 'script_dir' instead
[2.988s]   warnings.warn(
[3.027s] running egg_info
[3.028s] writing ../../build/sensors_demos_gazebo/sensors_demos_gazebo.egg-info/PKG-INFO
[3.028s] writing dependency_links to ../../build/sensors_demos_gazebo/sensors_demos_gazebo.egg-info/dependency_links.txt
[3.029s] writing entry points to ../../build/sensors_demos_gazebo/sensors_demos_gazebo.egg-info/entry_points.txt
[3.030s] writing requirements to ../../build/sensors_demos_gazebo/sensors_demos_gazebo.egg-info/requires.txt
[3.034s] /usr/lib/python3/dist-packages/setuptools/command/install.py:34: SetuptoolsDeprecationWarning: setup.py install is deprecated. Use build and pip and other standards-based tools.
[3.034s]   warnings.warn(
[3.039s] writing top-level names to ../../build/sensors_demos_gazebo/sensors_demos_gazebo.egg-info/top_level.txt
[3.039s] reading manifest file '../../build/sensors_demos_gazebo/sensors_demos_gazebo.egg-info/SOURCES.txt'
[3.040s] writing manifest file '../../build/sensors_demos_gazebo/sensors_demos_gazebo.egg-info/SOURCES.txt'
[3.040s] running build
[3.040s] running build_py
[3.040s] running install
[3.040s] running install_lib
[3.040s] running install_data
[3.040s] running install_egg_info
[3.040s] removing '/home/borowa/ros2_ws/install/sensors_demos_gazebo/lib/python3.10/site-packages/sensors_demos_gazebo-0.0.0-py3.10.egg-info' (and everything under it)
[3.040s] Copying ../../build/sensors_demos_gazebo/sensors_demos_gazebo.egg-info to /home/borowa/ros2_ws/install/sensors_demos_gazebo/lib/python3.10/site-packages/sensors_demos_gazebo-0.0.0-py3.10.egg-info
[3.043s] running install_scripts
[3.079s] writing list of installed files to '/home/borowa/ros2_ws/build/sensors_demos_gazebo/install.log'
[3.127s] Invoked command in '/home/borowa/ros2_ws/src/sensors_demos_gazebo' returned '0': PYTHONPATH=/home/borowa/ros2_ws/build/sensors_demos_gazebo/prefix_override:/home/borowa/ros2_ws/install/sensors_demos_gazebo/lib/python3.10/site-packages:${PYTHONPATH} /usr/bin/python3 setup.py egg_info --egg-base ../../build/sensors_demos_gazebo build --build-base /home/borowa/ros2_ws/build/sensors_demos_gazebo/build install --record /home/borowa/ros2_ws/build/sensors_demos_gazebo/install.log --install-scripts $base/lib/sensors_demos_gazebo --single-version-externally-managed
