running develop
Removing /home/vboxuser/ros2_ws/install/moja_paczka/lib/python3.10/site-packages/moja-paczka.egg-link (link to .)
running egg_info
writing ../../build/moja_paczka/moja_paczka.egg-info/PKG-INFO
writing dependency_links to ../../build/moja_paczka/moja_paczka.egg-info/dependency_links.txt
writing entry points to ../../build/moja_paczka/moja_paczka.egg-info/entry_points.txt
writing requirements to ../../build/moja_paczka/moja_paczka.egg-info/requires.txt
writing top-level names to ../../build/moja_paczka/moja_paczka.egg-info/top_level.txt
reading manifest file '../../build/moja_paczka/moja_paczka.egg-info/SOURCES.txt'
writing manifest file '../../build/moja_paczka/moja_paczka.egg-info/SOURCES.txt'
running build
running build_py
running install
running install_lib
creating /home/vboxuser/ros2_ws/install/moja_paczka/lib/python3.10/site-packages/moja_paczka
copying /home/vboxuser/ros2_ws/build/moja_paczka/build/lib/moja_paczka/publisher.py -> /home/vboxuser/ros2_ws/install/moja_paczka/lib/python3.10/site-packages/moja_paczka
copying /home/vboxuser/ros2_ws/build/moja_paczka/build/lib/moja_paczka/__init__.py -> /home/vboxuser/ros2_ws/install/moja_paczka/lib/python3.10/site-packages/moja_paczka
byte-compiling /home/vboxuser/ros2_ws/install/moja_paczka/lib/python3.10/site-packages/moja_paczka/publisher.py to publisher.cpython-310.pyc
byte-compiling /home/vboxuser/ros2_ws/install/moja_paczka/lib/python3.10/site-packages/moja_paczka/__init__.py to __init__.cpython-310.pyc
running install_data
running install_egg_info
Copying ../../build/moja_paczka/moja_paczka.egg-info to /home/vboxuser/ros2_ws/install/moja_paczka/lib/python3.10/site-packages/moja_paczka-0.0.0-py3.10.egg-info
running install_scripts
Installing publisher script to /home/vboxuser/ros2_ws/install/moja_paczka/lib/moja_paczka
writing list of installed files to '/home/vboxuser/ros2_ws/build/moja_paczka/install.log'
