[13.245s] Invoking command in '/home/vboxuser/ros2_ws/build/moja_paczka': PYTHONPATH=/home/vboxuser/ros2_ws/build/moja_paczka/prefix_override:/home/vboxuser/ros2_ws/install/moja_paczka/lib/python3.10/site-packages:${PYTHONPATH} /usr/bin/python3 setup.py develop --uninstall --editable --build-directory /home/vboxuser/ros2_ws/build/moja_paczka/build
[17.597s] running develop
[17.597s] /usr/lib/python3/dist-packages/setuptools/command/easy_install.py:158: EasyInstallDeprecationWarning: easy_install command is deprecated. Use build and pip and other standards-based tools.
[17.598s]   warnings.warn(
[17.615s] /usr/lib/python3/dist-packages/setuptools/command/install.py:34: SetuptoolsDeprecationWarning: setup.py install is deprecated. Use build and pip and other standards-based tools.
[17.616s]   warnings.warn(
[20.061s] Removing /home/vboxuser/ros2_ws/install/moja_paczka/lib/python3.10/site-packages/moja-paczka.egg-link (link to .)
[20.493s] Invoked command in '/home/vboxuser/ros2_ws/build/moja_paczka' returned '0': PYTHONPATH=/home/vboxuser/ros2_ws/build/moja_paczka/prefix_override:/home/vboxuser/ros2_ws/install/moja_paczka/lib/python3.10/site-packages:${PYTHONPATH} /usr/bin/python3 setup.py develop --uninstall --editable --build-directory /home/vboxuser/ros2_ws/build/moja_paczka/build
[20.494s] Invoking command in '/home/vboxuser/ros2_ws/src/moja_paczka': PYTHONPATH=/home/vboxuser/ros2_ws/build/moja_paczka/prefix_override:/home/vboxuser/ros2_ws/install/moja_paczka/lib/python3.10/site-packages:${PYTHONPATH} /usr/bin/python3 setup.py egg_info --egg-base ../../build/moja_paczka build --build-base /home/vboxuser/ros2_ws/build/moja_paczka/build install --record /home/vboxuser/ros2_ws/build/moja_paczka/install.log --single-version-externally-managed
[25.235s] running egg_info
[25.241s] writing ../../build/moja_paczka/moja_paczka.egg-info/PKG-INFO
[25.243s] writing dependency_links to ../../build/moja_paczka/moja_paczka.egg-info/dependency_links.txt
[25.246s] writing entry points to ../../build/moja_paczka/moja_paczka.egg-info/entry_points.txt
[25.247s] writing requirements to ../../build/moja_paczka/moja_paczka.egg-info/requires.txt
[25.247s] writing top-level names to ../../build/moja_paczka/moja_paczka.egg-info/top_level.txt
[25.268s] reading manifest file '../../build/moja_paczka/moja_paczka.egg-info/SOURCES.txt'
[25.276s] writing manifest file '../../build/moja_paczka/moja_paczka.egg-info/SOURCES.txt'
[25.277s] running build
[25.277s] running build_py
[25.285s] running install
[25.285s] /usr/lib/python3/dist-packages/setuptools/command/install.py:34: SetuptoolsDeprecationWarning: setup.py install is deprecated. Use build and pip and other standards-based tools.
[25.286s]   warnings.warn(
[25.289s] running install_lib
[25.296s] creating /home/vboxuser/ros2_ws/install/moja_paczka/lib/python3.10/site-packages/moja_paczka
[25.297s] copying /home/vboxuser/ros2_ws/build/moja_paczka/build/lib/moja_paczka/publisher.py -> /home/vboxuser/ros2_ws/install/moja_paczka/lib/python3.10/site-packages/moja_paczka
[25.299s] copying /home/vboxuser/ros2_ws/build/moja_paczka/build/lib/moja_paczka/__init__.py -> /home/vboxuser/ros2_ws/install/moja_paczka/lib/python3.10/site-packages/moja_paczka
[25.302s] byte-compiling /home/vboxuser/ros2_ws/install/moja_paczka/lib/python3.10/site-packages/moja_paczka/publisher.py to publisher.cpython-310.pyc
[25.305s] byte-compiling /home/vboxuser/ros2_ws/install/moja_paczka/lib/python3.10/site-packages/moja_paczka/__init__.py to __init__.cpython-310.pyc
[25.306s] running install_data
[25.319s] running install_egg_info
[25.347s] Copying ../../build/moja_paczka/moja_paczka.egg-info to /home/vboxuser/ros2_ws/install/moja_paczka/lib/python3.10/site-packages/moja_paczka-0.0.0-py3.10.egg-info
[25.359s] running install_scripts
[25.589s] Installing publisher script to /home/vboxuser/ros2_ws/install/moja_paczka/lib/moja_paczka
[25.593s] writing list of installed files to '/home/vboxuser/ros2_ws/build/moja_paczka/install.log'
[25.991s] Invoked command in '/home/vboxuser/ros2_ws/src/moja_paczka' returned '0': PYTHONPATH=/home/vboxuser/ros2_ws/build/moja_paczka/prefix_override:/home/vboxuser/ros2_ws/install/moja_paczka/lib/python3.10/site-packages:${PYTHONPATH} /usr/bin/python3 setup.py egg_info --egg-base ../../build/moja_paczka build --build-base /home/vboxuser/ros2_ws/build/moja_paczka/build install --record /home/vboxuser/ros2_ws/build/moja_paczka/install.log --single-version-externally-managed
