[0.695s] Invoking command in '/home/borowa/ros2_ws/src/sensors_demos_gazebo': PYTHONPATH=/home/borowa/ros2_ws/build/sensors_demos_gazebo/prefix_override:/home/borowa/ros2_ws/install/sensors_demos_gazebo/lib/python3.10/site-packages:${PYTHONPATH} /usr/bin/python3 setup.py egg_info --egg-base ../../build/sensors_demos_gazebo build --build-base /home/borowa/ros2_ws/build/sensors_demos_gazebo/build install --record /home/borowa/ros2_ws/build/sensors_demos_gazebo/install.log --install-scripts $base/lib/sensors_demos_gazebo --single-version-externally-managed
[0.920s] /usr/lib/python3/dist-packages/setuptools/dist.py:723: UserWarning: Usage of dash-separated 'script-dir' will not be supported in future versions. Please use the underscore name 'script_dir' instead
[0.920s]   warnings.warn(
[0.928s] running egg_info
[0.929s] creating ../../build/sensors_demos_gazebo/sensors_demos_gazebo.egg-info
[0.929s] writing ../../build/sensors_demos_gazebo/sensors_demos_gazebo.egg-info/PKG-INFO
[0.930s] writing dependency_links to ../../build/sensors_demos_gazebo/sensors_demos_gazebo.egg-info/dependency_links.txt
[0.930s] writing entry points to ../../build/sensors_demos_gazebo/sensors_demos_gazebo.egg-info/entry_points.txt
[0.930s] writing requirements to ../../build/sensors_demos_gazebo/sensors_demos_gazebo.egg-info/requires.txt
[0.930s] writing top-level names to ../../build/sensors_demos_gazebo/sensors_demos_gazebo.egg-info/top_level.txt
[0.930s] writing manifest file '../../build/sensors_demos_gazebo/sensors_demos_gazebo.egg-info/SOURCES.txt'
[0.932s] reading manifest file '../../build/sensors_demos_gazebo/sensors_demos_gazebo.egg-info/SOURCES.txt'
[0.932s] writing manifest file '../../build/sensors_demos_gazebo/sensors_demos_gazebo.egg-info/SOURCES.txt'
[0.933s] running build
[0.933s] running build_py
[0.933s] creating /home/borowa/ros2_ws/build/sensors_demos_gazebo/build
[0.933s] creating /home/borowa/ros2_ws/build/sensors_demos_gazebo/build/lib
[0.934s] creating /home/borowa/ros2_ws/build/sensors_demos_gazebo/build/lib/sensors_demos_gazebo
[0.934s] copying sensors_demos_gazebo/__init__.py -> /home/borowa/ros2_ws/build/sensors_demos_gazebo/build/lib/sensors_demos_gazebo
[0.934s] /usr/lib/python3/dist-packages/setuptools/command/install.py:34: SetuptoolsDeprecationWarning: setup.py install is deprecated. Use build and pip and other standards-based tools.
[0.934s]   warnings.warn(
[0.934s] running install
[0.934s] running install_lib
[0.935s] creating /home/borowa/ros2_ws/install/sensors_demos_gazebo/lib/python3.10/site-packages/sensors_demos_gazebo
[0.935s] copying /home/borowa/ros2_ws/build/sensors_demos_gazebo/build/lib/sensors_demos_gazebo/__init__.py -> /home/borowa/ros2_ws/install/sensors_demos_gazebo/lib/python3.10/site-packages/sensors_demos_gazebo
[0.936s] byte-compiling /home/borowa/ros2_ws/install/sensors_demos_gazebo/lib/python3.10/site-packages/sensors_demos_gazebo/__init__.py to __init__.cpython-310.pyc
[0.936s] running install_data
[0.937s] creating /home/borowa/ros2_ws/install/sensors_demos_gazebo/share/ament_index
[0.937s] creating /home/borowa/ros2_ws/install/sensors_demos_gazebo/share/ament_index/resource_index
[0.938s] creating /home/borowa/ros2_ws/install/sensors_demos_gazebo/share/ament_index/resource_index/packages
[0.938s] copying resource/sensors_demos_gazebo -> /home/borowa/ros2_ws/install/sensors_demos_gazebo/share/ament_index/resource_index/packages
[0.938s] copying package.xml -> /home/borowa/ros2_ws/install/sensors_demos_gazebo/share/sensors_demos_gazebo
[0.938s] copying launch/imu_launch.py -> /home/borowa/ros2_ws/install/sensors_demos_gazebo/share/sensors_demos_gazebo
[0.938s] copying launch/hokuyo_launch.py -> /home/borowa/ros2_ws/install/sensors_demos_gazebo/share/sensors_demos_gazebo
[0.938s] copying launch/kinect_launch.py -> /home/borowa/ros2_ws/install/sensors_demos_gazebo/share/sensors_demos_gazebo
[0.939s] copying urdf/kinect.urdf.xacro -> /home/borowa/ros2_ws/install/sensors_demos_gazebo/share/sensors_demos_gazebo
[0.939s] copying urdf/hokuyo.urdf.xacro -> /home/borowa/ros2_ws/install/sensors_demos_gazebo/share/sensors_demos_gazebo
[0.939s] copying urdf/imu.urdf.xacro -> /home/borowa/ros2_ws/install/sensors_demos_gazebo/share/sensors_demos_gazebo
[0.939s] creating /home/borowa/ros2_ws/install/sensors_demos_gazebo/share/sensors_demos_gazebo/meshes
[0.939s] copying meshes/kinect.dae -> /home/borowa/ros2_ws/install/sensors_demos_gazebo/share/sensors_demos_gazebo/meshes
[0.940s] copying meshes/utm30.dae -> /home/borowa/ros2_ws/install/sensors_demos_gazebo/share/sensors_demos_gazebo/meshes
[0.942s] running install_egg_info
[0.944s] Copying ../../build/sensors_demos_gazebo/sensors_demos_gazebo.egg-info to /home/borowa/ros2_ws/install/sensors_demos_gazebo/lib/python3.10/site-packages/sensors_demos_gazebo-0.0.0-py3.10.egg-info
[0.945s] running install_scripts
[0.966s] writing list of installed files to '/home/borowa/ros2_ws/build/sensors_demos_gazebo/install.log'
[0.990s] Invoked command in '/home/borowa/ros2_ws/src/sensors_demos_gazebo' returned '0': PYTHONPATH=/home/borowa/ros2_ws/build/sensors_demos_gazebo/prefix_override:/home/borowa/ros2_ws/install/sensors_demos_gazebo/lib/python3.10/site-packages:${PYTHONPATH} /usr/bin/python3 setup.py egg_info --egg-base ../../build/sensors_demos_gazebo build --build-base /home/borowa/ros2_ws/build/sensors_demos_gazebo/build install --record /home/borowa/ros2_ws/build/sensors_demos_gazebo/install.log --install-scripts $base/lib/sensors_demos_gazebo --single-version-externally-managed
