[8.177s] Invoking command in '/home/vboxuser/ros2_ws/src/moja_paczka': PYTHONPATH=/home/vboxuser/ros2_ws/build/moja_paczka/prefix_override:/home/vboxuser/ros2_ws/install/moja_paczka/lib/python3.10/site-packages:${PYTHONPATH} /usr/bin/python3 setup.py egg_info --egg-base ../../build/moja_paczka build --build-base /home/vboxuser/ros2_ws/build/moja_paczka/build install --record /home/vboxuser/ros2_ws/build/moja_paczka/install.log --single-version-externally-managed
[10.709s] running egg_info
[10.712s] writing ../../build/moja_paczka/moja_paczka.egg-info/PKG-INFO
[10.713s] writing dependency_links to ../../build/moja_paczka/moja_paczka.egg-info/dependency_links.txt
[10.713s] writing entry points to ../../build/moja_paczka/moja_paczka.egg-info/entry_points.txt
[10.714s] writing requirements to ../../build/moja_paczka/moja_paczka.egg-info/requires.txt
[10.715s] writing top-level names to ../../build/moja_paczka/moja_paczka.egg-info/top_level.txt
[10.744s] reading manifest file '../../build/moja_paczka/moja_paczka.egg-info/SOURCES.txt'
[10.750s] writing manifest file '../../build/moja_paczka/moja_paczka.egg-info/SOURCES.txt'
[10.754s] running build
[10.754s] running build_py
[10.755s] copying moja_paczka/publisher.py -> /home/vboxuser/ros2_ws/build/moja_paczka/build/lib/moja_paczka
[10.760s] running install
[10.762s] running install_lib
[10.764s] copying /home/vboxuser/ros2_ws/build/moja_paczka/build/lib/moja_paczka/publisher.py -> /home/vboxuser/ros2_ws/install/moja_paczka/lib/python3.10/site-packages/moja_paczka
[10.767s] byte-compiling /home/vboxuser/ros2_ws/install/moja_paczka/lib/python3.10/site-packages/moja_paczka/publisher.py to publisher.cpython-310.pyc
[10.773s] running install_data
[10.775s] running install_egg_info
[10.795s] removing '/home/vboxuser/ros2_ws/install/moja_paczka/lib/python3.10/site-packages/moja_paczka-0.0.0-py3.10.egg-info' (and everything under it)
[10.797s] Copying ../../build/moja_paczka/moja_paczka.egg-info to /home/vboxuser/ros2_ws/install/moja_paczka/lib/python3.10/site-packages/moja_paczka-0.0.0-py3.10.egg-info
[10.801s] running install_scripts
[10.979s] Installing publisher script to /home/vboxuser/ros2_ws/install/moja_paczka/lib/moja_paczka
[10.983s] writing list of installed files to '/home/vboxuser/ros2_ws/build/moja_paczka/install.log'
[11.300s] Invoked command in '/home/vboxuser/ros2_ws/src/moja_paczka' returned '0': PYTHONPATH=/home/vboxuser/ros2_ws/build/moja_paczka/prefix_override:/home/vboxuser/ros2_ws/install/moja_paczka/lib/python3.10/site-packages:${PYTHONPATH} /usr/bin/python3 setup.py egg_info --egg-base ../../build/moja_paczka build --build-base /home/vboxuser/ros2_ws/build/moja_paczka/build install --record /home/vboxuser/ros2_ws/build/moja_paczka/install.log --single-version-externally-managed
