[1.875s] Invoking command in '/home/borowa/ros2_ws/src/moja_paczka': PYTHONPATH=/home/borowa/ros2_ws/build/moja_paczka/prefix_override:/home/borowa/ros2_ws/install/moja_paczka/lib/python3.10/site-packages:${PYTHONPATH} /usr/bin/python3 setup.py egg_info --egg-base ../../build/moja_paczka build --build-base /home/borowa/ros2_ws/build/moja_paczka/build install --record /home/borowa/ros2_ws/build/moja_paczka/install.log --single-version-externally-managed
[2.123s] running egg_info
[2.123s] writing ../../build/moja_paczka/moja_paczka.egg-info/PKG-INFO
[2.124s] writing dependency_links to ../../build/moja_paczka/moja_paczka.egg-info/dependency_links.txt
[2.127s] writing entry points to ../../build/moja_paczka/moja_paczka.egg-info/entry_points.txt
[2.133s] writing requirements to ../../build/moja_paczka/moja_paczka.egg-info/requires.txt
[2.134s] writing top-level names to ../../build/moja_paczka/moja_paczka.egg-info/top_level.txt
[2.138s] reading manifest file '../../build/moja_paczka/moja_paczka.egg-info/SOURCES.txt'
[2.138s] writing manifest file '../../build/moja_paczka/moja_paczka.egg-info/SOURCES.txt'
[2.139s] running build
[2.139s] running build_py
[2.139s] /usr/lib/python3/dist-packages/setuptools/command/install.py:34: SetuptoolsDeprecationWarning: setup.py install is deprecated. Use build and pip and other standards-based tools.
[2.140s]   warnings.warn(
[2.140s] running install
[2.140s] running install_lib
[2.141s] byte-compiling /home/borowa/ros2_ws/install/moja_paczka/lib/python3.10/site-packages/moja_paczka/publisher.py to publisher.cpython-310.pyc
[2.142s]   File "/home/borowa/ros2_ws/install/moja_paczka/lib/python3.10/site-packages/moja_paczka/publisher.py", line 35
[2.142s]     if self.x_y[1] > self.window_size[1]
[2.142s]                                         ^
[2.143s] SyntaxError: expected ':'
[2.143s] 
[2.143s] running install_data
[2.143s] running install_egg_info
[2.144s] removing '/home/borowa/ros2_ws/install/moja_paczka/lib/python3.10/site-packages/moja_paczka-0.0.0-py3.10.egg-info' (and everything under it)
[2.145s] Copying ../../build/moja_paczka/moja_paczka.egg-info to /home/borowa/ros2_ws/install/moja_paczka/lib/python3.10/site-packages/moja_paczka-0.0.0-py3.10.egg-info
[2.146s] running install_scripts
[2.170s] Installing publisher script to /home/borowa/ros2_ws/install/moja_paczka/lib/moja_paczka
[2.172s] writing list of installed files to '/home/borowa/ros2_ws/build/moja_paczka/install.log'
[2.292s] Invoked command in '/home/borowa/ros2_ws/src/moja_paczka' returned '0': PYTHONPATH=/home/borowa/ros2_ws/build/moja_paczka/prefix_override:/home/borowa/ros2_ws/install/moja_paczka/lib/python3.10/site-packages:${PYTHONPATH} /usr/bin/python3 setup.py egg_info --egg-base ../../build/moja_paczka build --build-base /home/borowa/ros2_ws/build/moja_paczka/build install --record /home/borowa/ros2_ws/build/moja_paczka/install.log --single-version-externally-managed
