[16.004s] DEBUG:colcon:Command line arguments: ['/home/vboxuser/.local/bin/colcon', 'build']
[16.004s] DEBUG:colcon:Parsed command line arguments: Namespace(log_base=None, log_level=None, verb_name='build', build_base='build', install_base='install', merge_install=False, symlink_install=False, test_result_base=None, continue_on_error=False, executor='parallel', parallel_workers=2, event_handlers=None, ignore_user_meta=False, metas=['./colcon.meta'], base_paths=['.'], packages_ignore=None, packages_ignore_regex=None, paths=None, packages_up_to=None, packages_up_to_regex=None, packages_above=None, packages_above_and_dependencies=None, packages_above_depth=None, packages_select_by_dep=None, packages_skip_by_dep=None, packages_skip_up_to=None, packages_select_build_failed=False, packages_skip_build_finished=False, packages_select_test_failures=False, packages_skip_test_passed=False, packages_select=None, packages_skip=None, packages_select_regex=None, packages_skip_regex=None, packages_start=None, packages_end=None, allow_overriding=[], cmake_args=None, cmake_target=None, cmake_target_skip_unavailable=False, cmake_clean_cache=False, cmake_clean_first=False, cmake_force_configure=False, ament_cmake_args=None, catkin_cmake_args=None, catkin_skip_building_tests=False, verb_parser=<colcon_defaults.argument_parser.defaults.DefaultArgumentsDecorator object at 0x7f597da4eaa0>, verb_extension=<colcon_core.verb.build.BuildVerb object at 0x7f597da4e890>, main=<bound method BuildVerb.main of <colcon_core.verb.build.BuildVerb object at 0x7f597da4e890>>)
[17.116s] Level 1:colcon.colcon_core.package_discovery:discover_packages(colcon_meta) check parameters
[17.116s] Level 1:colcon.colcon_core.package_discovery:discover_packages(recursive) check parameters
[17.116s] Level 1:colcon.colcon_core.package_discovery:discover_packages(ignore) check parameters
[17.116s] Level 1:colcon.colcon_core.package_discovery:discover_packages(path) check parameters
[17.116s] Level 1:colcon.colcon_core.package_discovery:discover_packages(colcon_meta) discover
[17.116s] Level 1:colcon.colcon_core.package_discovery:discover_packages(recursive) discover
[17.116s] INFO:colcon.colcon_core.package_discovery:Crawling recursively for packages in '/home/vboxuser/ros2_ws'
[17.116s] Level 1:colcon.colcon_core.package_identification:_identify(.) by extensions ['ignore', 'ignore_ament_install']
[17.117s] Level 1:colcon.colcon_core.package_identification:_identify(.) by extension 'ignore'
[17.117s] Level 1:colcon.colcon_core.package_identification:_identify(.) by extension 'ignore_ament_install'
[17.117s] Level 1:colcon.colcon_core.package_identification:_identify(.) by extensions ['colcon_pkg']
[17.117s] Level 1:colcon.colcon_core.package_identification:_identify(.) by extension 'colcon_pkg'
[17.117s] Level 1:colcon.colcon_core.package_identification:_identify(.) by extensions ['colcon_meta']
[17.117s] Level 1:colcon.colcon_core.package_identification:_identify(.) by extension 'colcon_meta'
[17.117s] Level 1:colcon.colcon_core.package_identification:_identify(.) by extensions ['ros']
[17.117s] Level 1:colcon.colcon_core.package_identification:_identify(.) by extension 'ros'
[17.274s] Level 1:colcon.colcon_core.package_identification:_identify(.) by extensions ['cmake', 'python']
[17.274s] Level 1:colcon.colcon_core.package_identification:_identify(.) by extension 'cmake'
[17.274s] Level 1:colcon.colcon_core.package_identification:_identify(.) by extension 'python'
[17.274s] Level 1:colcon.colcon_core.package_identification:_identify(.) by extensions ['python_setup_py']
[17.274s] Level 1:colcon.colcon_core.package_identification:_identify(.) by extension 'python_setup_py'
[17.275s] Level 1:colcon.colcon_core.package_identification:_identify(build) by extensions ['ignore', 'ignore_ament_install']
[17.275s] Level 1:colcon.colcon_core.package_identification:_identify(build) by extension 'ignore'
[17.277s] Level 1:colcon.colcon_core.package_identification:_identify(build) ignored
[17.278s] Level 1:colcon.colcon_core.package_identification:_identify(install) by extensions ['ignore', 'ignore_ament_install']
[17.278s] Level 1:colcon.colcon_core.package_identification:_identify(install) by extension 'ignore'
[17.278s] Level 1:colcon.colcon_core.package_identification:_identify(install) ignored
[17.278s] Level 1:colcon.colcon_core.package_identification:_identify(log) by extensions ['ignore', 'ignore_ament_install']
[17.279s] Level 1:colcon.colcon_core.package_identification:_identify(log) by extension 'ignore'
[17.279s] Level 1:colcon.colcon_core.package_identification:_identify(log) ignored
[17.279s] Level 1:colcon.colcon_core.package_identification:_identify(src) by extensions ['ignore', 'ignore_ament_install']
[17.283s] Level 1:colcon.colcon_core.package_identification:_identify(src) by extension 'ignore'
[17.283s] Level 1:colcon.colcon_core.package_identification:_identify(src) by extension 'ignore_ament_install'
[17.283s] Level 1:colcon.colcon_core.package_identification:_identify(src) by extensions ['colcon_pkg']
[17.283s] Level 1:colcon.colcon_core.package_identification:_identify(src) by extension 'colcon_pkg'
[17.283s] Level 1:colcon.colcon_core.package_identification:_identify(src) by extensions ['colcon_meta']
[17.283s] Level 1:colcon.colcon_core.package_identification:_identify(src) by extension 'colcon_meta'
[17.283s] Level 1:colcon.colcon_core.package_identification:_identify(src) by extensions ['ros']
[17.283s] Level 1:colcon.colcon_core.package_identification:_identify(src) by extension 'ros'
[17.286s] Level 1:colcon.colcon_core.package_identification:_identify(src) by extensions ['cmake', 'python']
[17.286s] Level 1:colcon.colcon_core.package_identification:_identify(src) by extension 'cmake'
[17.286s] Level 1:colcon.colcon_core.package_identification:_identify(src) by extension 'python'
[17.286s] Level 1:colcon.colcon_core.package_identification:_identify(src) by extensions ['python_setup_py']
[17.286s] Level 1:colcon.colcon_core.package_identification:_identify(src) by extension 'python_setup_py'
[17.290s] Level 1:colcon.colcon_core.package_identification:_identify(src/moja_paczka) by extensions ['ignore', 'ignore_ament_install']
[17.290s] Level 1:colcon.colcon_core.package_identification:_identify(src/moja_paczka) by extension 'ignore'
[17.291s] Level 1:colcon.colcon_core.package_identification:_identify(src/moja_paczka) by extension 'ignore_ament_install'
[17.291s] Level 1:colcon.colcon_core.package_identification:_identify(src/moja_paczka) by extensions ['colcon_pkg']
[17.291s] Level 1:colcon.colcon_core.package_identification:_identify(src/moja_paczka) by extension 'colcon_pkg'
[17.291s] Level 1:colcon.colcon_core.package_identification:_identify(src/moja_paczka) by extensions ['colcon_meta']
[17.291s] Level 1:colcon.colcon_core.package_identification:_identify(src/moja_paczka) by extension 'colcon_meta'
[17.291s] Level 1:colcon.colcon_core.package_identification:_identify(src/moja_paczka) by extensions ['ros']
[17.291s] Level 1:colcon.colcon_core.package_identification:_identify(src/moja_paczka) by extension 'ros'
[17.358s] DEBUG:colcon.colcon_core.package_identification:Package 'src/moja_paczka' with type 'ros.ament_python' and name 'moja_paczka'
[17.360s] Level 1:colcon.colcon_core.package_discovery:discover_packages(recursive) using defaults
[17.361s] Level 1:colcon.colcon_core.package_discovery:discover_packages(ignore) discover
[17.363s] Level 1:colcon.colcon_core.package_discovery:discover_packages(ignore) using defaults
[17.363s] Level 1:colcon.colcon_core.package_discovery:discover_packages(path) discover
[17.363s] Level 1:colcon.colcon_core.package_discovery:discover_packages(path) using defaults
[18.565s] Level 1:colcon.colcon_core.package_discovery:discover_packages(prefix_path) check parameters
[18.566s] Level 1:colcon.colcon_core.package_discovery:discover_packages(prefix_path) discover
[19.116s] DEBUG:colcon.colcon_installed_package_information.package_discovery:Found 1 installed packages in /home/vboxuser/ros2_ws/install
[19.323s] DEBUG:colcon.colcon_installed_package_information.package_discovery:Found 407 installed packages in /opt/ros/humble
[19.354s] Level 1:colcon.colcon_core.package_discovery:discover_packages(prefix_path) using defaults
[20.762s] Level 5:colcon.colcon_core.verb:set package 'moja_paczka' build argument 'cmake_args' from command line to 'None'
[20.763s] Level 5:colcon.colcon_core.verb:set package 'moja_paczka' build argument 'cmake_target' from command line to 'None'
[20.763s] Level 5:colcon.colcon_core.verb:set package 'moja_paczka' build argument 'cmake_target_skip_unavailable' from command line to 'False'
[20.763s] Level 5:colcon.colcon_core.verb:set package 'moja_paczka' build argument 'cmake_clean_cache' from command line to 'False'
[20.763s] Level 5:colcon.colcon_core.verb:set package 'moja_paczka' build argument 'cmake_clean_first' from command line to 'False'
[20.763s] Level 5:colcon.colcon_core.verb:set package 'moja_paczka' build argument 'cmake_force_configure' from command line to 'False'
[20.763s] Level 5:colcon.colcon_core.verb:set package 'moja_paczka' build argument 'ament_cmake_args' from command line to 'None'
[20.763s] Level 5:colcon.colcon_core.verb:set package 'moja_paczka' build argument 'catkin_cmake_args' from command line to 'None'
[20.763s] Level 5:colcon.colcon_core.verb:set package 'moja_paczka' build argument 'catkin_skip_building_tests' from command line to 'False'
[20.763s] DEBUG:colcon.colcon_core.verb:Building package 'moja_paczka' with the following arguments: {'ament_cmake_args': None, 'build_base': '/home/vboxuser/ros2_ws/build/moja_paczka', 'catkin_cmake_args': None, 'catkin_skip_building_tests': False, 'cmake_args': None, 'cmake_clean_cache': False, 'cmake_clean_first': False, 'cmake_force_configure': False, 'cmake_target': None, 'cmake_target_skip_unavailable': False, 'install_base': '/home/vboxuser/ros2_ws/install/moja_paczka', 'merge_install': False, 'path': '/home/vboxuser/ros2_ws/src/moja_paczka', 'symlink_install': False, 'test_result_base': None}
[20.869s] INFO:colcon.colcon_core.executor:Executing jobs using 'parallel' executor
[21.020s] DEBUG:colcon.colcon_parallel_executor.executor.parallel:run_until_complete
[21.021s] INFO:colcon.colcon_ros.task.ament_python.build:Building ROS package in '/home/vboxuser/ros2_ws/src/moja_paczka' with build type 'ament_python'
[21.022s] Level 1:colcon.colcon_core.shell:create_environment_hook('moja_paczka', 'ament_prefix_path')
[21.280s] INFO:colcon.colcon_core.plugin_system:Skipping extension 'colcon_core.shell.bat': Not used on non-Windows systems
[21.281s] INFO:colcon.colcon_core.shell:Creating environment hook '/home/vboxuser/ros2_ws/install/moja_paczka/share/moja_paczka/hook/ament_prefix_path.ps1'
[21.287s] INFO:colcon.colcon_core.shell:Creating environment descriptor '/home/vboxuser/ros2_ws/install/moja_paczka/share/moja_paczka/hook/ament_prefix_path.dsv'
[21.292s] INFO:colcon.colcon_core.shell:Creating environment hook '/home/vboxuser/ros2_ws/install/moja_paczka/share/moja_paczka/hook/ament_prefix_path.sh'
[21.522s] INFO:colcon.colcon_core.shell:Skip shell extension 'powershell' for command environment: Not usable outside of PowerShell
[21.523s] DEBUG:colcon.colcon_core.shell:Skip shell extension 'dsv' for command environment
[25.648s] INFO:colcon.colcon_core.task.python.build:Building Python package in '/home/vboxuser/ros2_ws/src/moja_paczka'
[25.913s] INFO:colcon.colcon_core.shell:Skip shell extension 'powershell' for command environment: Not usable outside of PowerShell
[25.914s] DEBUG:colcon.colcon_core.shell:Skip shell extension 'dsv' for command environment
[31.531s] DEBUG:colcon.colcon_core.event_handler.log_command:Invoking command in '/home/vboxuser/ros2_ws/src/moja_paczka': PYTHONPATH=/home/vboxuser/ros2_ws/build/moja_paczka/prefix_override:/home/vboxuser/ros2_ws/install/moja_paczka/lib/python3.10/site-packages:${PYTHONPATH} /usr/bin/python3 setup.py egg_info --egg-base ../../build/moja_paczka build --build-base /home/vboxuser/ros2_ws/build/moja_paczka/build install --record /home/vboxuser/ros2_ws/build/moja_paczka/install.log --single-version-externally-managed
[35.527s] DEBUG:colcon.colcon_core.event_handler.log_command:Invoked command in '/home/vboxuser/ros2_ws/src/moja_paczka' returned '0': PYTHONPATH=/home/vboxuser/ros2_ws/build/moja_paczka/prefix_override:/home/vboxuser/ros2_ws/install/moja_paczka/lib/python3.10/site-packages:${PYTHONPATH} /usr/bin/python3 setup.py egg_info --egg-base ../../build/moja_paczka build --build-base /home/vboxuser/ros2_ws/build/moja_paczka/build install --record /home/vboxuser/ros2_ws/build/moja_paczka/install.log --single-version-externally-managed
[35.750s] Level 1:colcon.colcon_core.environment:checking '/home/vboxuser/ros2_ws/install/moja_paczka' for CMake module files
[35.757s] Level 1:colcon.colcon_core.environment:checking '/home/vboxuser/ros2_ws/install/moja_paczka' for CMake config files
[35.773s] Level 1:colcon.colcon_core.environment:checking '/home/vboxuser/ros2_ws/install/moja_paczka/lib'
[35.773s] Level 1:colcon.colcon_core.environment:checking '/home/vboxuser/ros2_ws/install/moja_paczka/bin'
[35.773s] Level 1:colcon.colcon_core.environment:checking '/home/vboxuser/ros2_ws/install/moja_paczka/lib/pkgconfig/moja_paczka.pc'
[35.776s] Level 1:colcon.colcon_core.environment:checking '/home/vboxuser/ros2_ws/install/moja_paczka/lib/python3.10/site-packages'
[35.776s] Level 1:colcon.colcon_core.shell:create_environment_hook('moja_paczka', 'pythonpath')
[35.980s] INFO:colcon.colcon_core.shell:Creating environment hook '/home/vboxuser/ros2_ws/install/moja_paczka/share/moja_paczka/hook/pythonpath.ps1'
[35.983s] INFO:colcon.colcon_core.shell:Creating environment descriptor '/home/vboxuser/ros2_ws/install/moja_paczka/share/moja_paczka/hook/pythonpath.dsv'
[35.984s] INFO:colcon.colcon_core.shell:Creating environment hook '/home/vboxuser/ros2_ws/install/moja_paczka/share/moja_paczka/hook/pythonpath.sh'
[35.987s] Level 1:colcon.colcon_core.environment:checking '/home/vboxuser/ros2_ws/install/moja_paczka/bin'
[35.987s] Level 1:colcon.colcon_core.environment:create_environment_scripts_only(moja_paczka)
[36.169s] INFO:colcon.colcon_core.shell:Creating package script '/home/vboxuser/ros2_ws/install/moja_paczka/share/moja_paczka/package.ps1'
[36.173s] INFO:colcon.colcon_core.shell:Creating package descriptor '/home/vboxuser/ros2_ws/install/moja_paczka/share/moja_paczka/package.dsv'
[36.192s] INFO:colcon.colcon_core.shell:Creating package script '/home/vboxuser/ros2_ws/install/moja_paczka/share/moja_paczka/package.sh'
[36.200s] INFO:colcon.colcon_core.shell:Creating package script '/home/vboxuser/ros2_ws/install/moja_paczka/share/moja_paczka/package.bash'
[36.211s] INFO:colcon.colcon_core.shell:Creating package script '/home/vboxuser/ros2_ws/install/moja_paczka/share/moja_paczka/package.zsh'
[36.214s] Level 1:colcon.colcon_core.environment:create_file_with_runtime_dependencies(/home/vboxuser/ros2_ws/install/moja_paczka/share/colcon-core/packages/moja_paczka)
[36.230s] DEBUG:colcon.colcon_parallel_executor.executor.parallel:closing loop
[36.231s] DEBUG:colcon.colcon_parallel_executor.executor.parallel:loop closed
[36.231s] DEBUG:colcon.colcon_parallel_executor.executor.parallel:run_until_complete finished with '0'
[36.235s] DEBUG:colcon.colcon_core.event_reactor:joining thread
[36.519s] INFO:colcon.colcon_core.plugin_system:Skipping extension 'colcon_notification.desktop_notification.terminal_notifier': Not used on non-Darwin systems
[36.519s] INFO:colcon.colcon_core.plugin_system:Skipping extension 'colcon_notification.desktop_notification.win32': Not used on non-Windows systems
[36.519s] INFO:colcon.colcon_notification.desktop_notification:Sending desktop notification using 'notify2'
[36.587s] DEBUG:colcon.colcon_core.event_reactor:joined thread
[36.729s] INFO:colcon.colcon_core.shell:Creating prefix script '/home/vboxuser/ros2_ws/install/local_setup.ps1'
[36.736s] INFO:colcon.colcon_core.shell:Creating prefix util module '/home/vboxuser/ros2_ws/install/_local_setup_util_ps1.py'
[36.751s] INFO:colcon.colcon_core.shell:Creating prefix chain script '/home/vboxuser/ros2_ws/install/setup.ps1'
[36.929s] INFO:colcon.colcon_core.shell:Creating prefix script '/home/vboxuser/ros2_ws/install/local_setup.sh'
[36.931s] INFO:colcon.colcon_core.shell:Creating prefix util module '/home/vboxuser/ros2_ws/install/_local_setup_util_sh.py'
[36.938s] INFO:colcon.colcon_core.shell:Creating prefix chain script '/home/vboxuser/ros2_ws/install/setup.sh'
[37.135s] INFO:colcon.colcon_core.shell:Creating prefix script '/home/vboxuser/ros2_ws/install/local_setup.bash'
[37.146s] INFO:colcon.colcon_core.shell:Creating prefix chain script '/home/vboxuser/ros2_ws/install/setup.bash'
[37.356s] INFO:colcon.colcon_core.shell:Creating prefix script '/home/vboxuser/ros2_ws/install/local_setup.zsh'
[37.359s] INFO:colcon.colcon_core.shell:Creating prefix chain script '/home/vboxuser/ros2_ws/install/setup.zsh'
