running egg_info
creating ../../build/projekt_niodsr/projekt_niodsr.egg-info
writing ../../build/projekt_niodsr/projekt_niodsr.egg-info/PKG-INFO
writing dependency_links to ../../build/projekt_niodsr/projekt_niodsr.egg-info/dependency_links.txt
writing entry points to ../../build/projekt_niodsr/projekt_niodsr.egg-info/entry_points.txt
writing requirements to ../../build/projekt_niodsr/projekt_niodsr.egg-info/requires.txt
writing top-level names to ../../build/projekt_niodsr/projekt_niodsr.egg-info/top_level.txt
writing manifest file '../../build/projekt_niodsr/projekt_niodsr.egg-info/SOURCES.txt'
reading manifest file '../../build/projekt_niodsr/projekt_niodsr.egg-info/SOURCES.txt'
writing manifest file '../../build/projekt_niodsr/projekt_niodsr.egg-info/SOURCES.txt'
running build
running build_py
creating /home/borowa/ros2_ws/build/projekt_niodsr/build
creating /home/borowa/ros2_ws/build/projekt_niodsr/build/lib
creating /home/borowa/ros2_ws/build/projekt_niodsr/build/lib/projekt_niodsr
copying projekt_niodsr/publisher.py -> /home/borowa/ros2_ws/build/projekt_niodsr/build/lib/projekt_niodsr
copying projekt_niodsr/__init__.py -> /home/borowa/ros2_ws/build/projekt_niodsr/build/lib/projekt_niodsr
running install
/usr/lib/python3/dist-packages/setuptools/command/install.py:34: SetuptoolsDeprecationWarning: setup.py install is deprecated. Use build and pip and other standards-based tools.
  warnings.warn(
running install_lib
creating /home/borowa/ros2_ws/install/projekt_niodsr/lib/python3.10/site-packages/projekt_niodsr
copying /home/borowa/ros2_ws/build/projekt_niodsr/build/lib/projekt_niodsr/publisher.py -> /home/borowa/ros2_ws/install/projekt_niodsr/lib/python3.10/site-packages/projekt_niodsr
copying /home/borowa/ros2_ws/build/projekt_niodsr/build/lib/projekt_niodsr/__init__.py -> /home/borowa/ros2_ws/install/projekt_niodsr/lib/python3.10/site-packages/projekt_niodsr
byte-compiling /home/borowa/ros2_ws/install/projekt_niodsr/lib/python3.10/site-packages/projekt_niodsr/publisher.py to publisher.cpython-310.pyc
byte-compiling /home/borowa/ros2_ws/install/projekt_niodsr/lib/python3.10/site-packages/projekt_niodsr/__init__.py to __init__.cpython-310.pyc
running install_data
creating /home/borowa/ros2_ws/install/projekt_niodsr/share/ament_index
creating /home/borowa/ros2_ws/install/projekt_niodsr/share/ament_index/resource_index
creating /home/borowa/ros2_ws/install/projekt_niodsr/share/ament_index/resource_index/packages
copying resource/projekt_niodsr -> /home/borowa/ros2_ws/install/projekt_niodsr/share/ament_index/resource_index/packages
copying package.xml -> /home/borowa/ros2_ws/install/projekt_niodsr/share/projekt_niodsr
running install_egg_info
Copying ../../build/projekt_niodsr/projekt_niodsr.egg-info to /home/borowa/ros2_ws/install/projekt_niodsr/lib/python3.10/site-packages/projekt_niodsr-0.0.0-py3.10.egg-info
running install_scripts
writing list of installed files to '/home/borowa/ros2_ws/build/projekt_niodsr/install.log'
