[1.375s] Invoking command in '/home/borowa/ros2_ws/src/projekt_niodsr': PYTHONPATH=/home/borowa/ros2_ws/build/projekt_niodsr/prefix_override:/home/borowa/ros2_ws/install/projekt_niodsr/lib/python3.10/site-packages:${PYTHONPATH} /usr/bin/python3 setup.py egg_info --egg-base ../../build/projekt_niodsr build --build-base /home/borowa/ros2_ws/build/projekt_niodsr/build install --record /home/borowa/ros2_ws/build/projekt_niodsr/install.log --single-version-externally-managed
[1.617s] running egg_info
[1.618s] creating ../../build/projekt_niodsr/projekt_niodsr.egg-info
[1.618s] writing ../../build/projekt_niodsr/projekt_niodsr.egg-info/PKG-INFO
[1.619s] writing dependency_links to ../../build/projekt_niodsr/projekt_niodsr.egg-info/dependency_links.txt
[1.620s] writing entry points to ../../build/projekt_niodsr/projekt_niodsr.egg-info/entry_points.txt
[1.620s] writing requirements to ../../build/projekt_niodsr/projekt_niodsr.egg-info/requires.txt
[1.620s] writing top-level names to ../../build/projekt_niodsr/projekt_niodsr.egg-info/top_level.txt
[1.620s] writing manifest file '../../build/projekt_niodsr/projekt_niodsr.egg-info/SOURCES.txt'
[1.623s] reading manifest file '../../build/projekt_niodsr/projekt_niodsr.egg-info/SOURCES.txt'
[1.624s] writing manifest file '../../build/projekt_niodsr/projekt_niodsr.egg-info/SOURCES.txt'
[1.624s] running build
[1.624s] running build_py
[1.624s] creating /home/borowa/ros2_ws/build/projekt_niodsr/build
[1.624s] creating /home/borowa/ros2_ws/build/projekt_niodsr/build/lib
[1.625s] creating /home/borowa/ros2_ws/build/projekt_niodsr/build/lib/projekt_niodsr
[1.625s] copying projekt_niodsr/publisher.py -> /home/borowa/ros2_ws/build/projekt_niodsr/build/lib/projekt_niodsr
[1.626s] copying projekt_niodsr/__init__.py -> /home/borowa/ros2_ws/build/projekt_niodsr/build/lib/projekt_niodsr
[1.626s] running install
[1.626s] /usr/lib/python3/dist-packages/setuptools/command/install.py:34: SetuptoolsDeprecationWarning: setup.py install is deprecated. Use build and pip and other standards-based tools.
[1.627s]   warnings.warn(
[1.629s] running install_lib
[1.629s] creating /home/borowa/ros2_ws/install/projekt_niodsr/lib/python3.10/site-packages/projekt_niodsr
[1.629s] copying /home/borowa/ros2_ws/build/projekt_niodsr/build/lib/projekt_niodsr/publisher.py -> /home/borowa/ros2_ws/install/projekt_niodsr/lib/python3.10/site-packages/projekt_niodsr
[1.630s] copying /home/borowa/ros2_ws/build/projekt_niodsr/build/lib/projekt_niodsr/__init__.py -> /home/borowa/ros2_ws/install/projekt_niodsr/lib/python3.10/site-packages/projekt_niodsr
[1.630s] byte-compiling /home/borowa/ros2_ws/install/projekt_niodsr/lib/python3.10/site-packages/projekt_niodsr/publisher.py to publisher.cpython-310.pyc
[1.630s] byte-compiling /home/borowa/ros2_ws/install/projekt_niodsr/lib/python3.10/site-packages/projekt_niodsr/__init__.py to __init__.cpython-310.pyc
[1.630s] running install_data
[1.630s] creating /home/borowa/ros2_ws/install/projekt_niodsr/share/ament_index
[1.630s] creating /home/borowa/ros2_ws/install/projekt_niodsr/share/ament_index/resource_index
[1.630s] creating /home/borowa/ros2_ws/install/projekt_niodsr/share/ament_index/resource_index/packages
[1.631s] copying resource/projekt_niodsr -> /home/borowa/ros2_ws/install/projekt_niodsr/share/ament_index/resource_index/packages
[1.631s] copying package.xml -> /home/borowa/ros2_ws/install/projekt_niodsr/share/projekt_niodsr
[1.631s] running install_egg_info
[1.631s] Copying ../../build/projekt_niodsr/projekt_niodsr.egg-info to /home/borowa/ros2_ws/install/projekt_niodsr/lib/python3.10/site-packages/projekt_niodsr-0.0.0-py3.10.egg-info
[1.632s] running install_scripts
[1.652s] writing list of installed files to '/home/borowa/ros2_ws/build/projekt_niodsr/install.log'
[1.747s] Invoked command in '/home/borowa/ros2_ws/src/projekt_niodsr' returned '0': PYTHONPATH=/home/borowa/ros2_ws/build/projekt_niodsr/prefix_override:/home/borowa/ros2_ws/install/projekt_niodsr/lib/python3.10/site-packages:${PYTHONPATH} /usr/bin/python3 setup.py egg_info --egg-base ../../build/projekt_niodsr build --build-base /home/borowa/ros2_ws/build/projekt_niodsr/build install --record /home/borowa/ros2_ws/build/projekt_niodsr/install.log --single-version-externally-managed
