[1.126s] Invoking command in '/home/borowa/ros2_ws/src/sensors_demos_gazebo': PYTHONPATH=/home/borowa/ros2_ws/build/sensors_demos_gazebo/prefix_override:/home/borowa/ros2_ws/install/sensors_demos_gazebo/lib/python3.10/site-packages:${PYTHONPATH} /usr/bin/python3 setup.py egg_info --egg-base ../../build/sensors_demos_gazebo build --build-base /home/borowa/ros2_ws/build/sensors_demos_gazebo/build install --record /home/borowa/ros2_ws/build/sensors_demos_gazebo/install.log --install-scripts $base/lib/sensors_demos_gazebo --single-version-externally-managed
[1.348s] /usr/lib/python3/dist-packages/setuptools/dist.py:723: UserWarning: Usage of dash-separated 'script-dir' will not be supported in future versions. Please use the underscore name 'script_dir' instead
[1.348s]   warnings.warn(
[1.354s] running egg_info
[1.356s] writing ../../build/sensors_demos_gazebo/sensors_demos_gazebo.egg-info/PKG-INFO
[1.357s] writing dependency_links to ../../build/sensors_demos_gazebo/sensors_demos_gazebo.egg-info/dependency_links.txt
[1.357s] writing entry points to ../../build/sensors_demos_gazebo/sensors_demos_gazebo.egg-info/entry_points.txt
[1.359s] writing requirements to ../../build/sensors_demos_gazebo/sensors_demos_gazebo.egg-info/requires.txt
[1.359s] writing top-level names to ../../build/sensors_demos_gazebo/sensors_demos_gazebo.egg-info/top_level.txt
[1.361s] reading manifest file '../../build/sensors_demos_gazebo/sensors_demos_gazebo.egg-info/SOURCES.txt'
[1.362s] writing manifest file '../../build/sensors_demos_gazebo/sensors_demos_gazebo.egg-info/SOURCES.txt'
[1.362s] running build
[1.363s] running build_py
[1.363s] running install
[1.363s] /usr/lib/python3/dist-packages/setuptools/command/install.py:34: SetuptoolsDeprecationWarning: setup.py install is deprecated. Use build and pip and other standards-based tools.
[1.363s]   warnings.warn(
[1.363s] running install_lib
[1.364s] running install_data
[1.365s] running install_egg_info
[1.366s] removing '/home/borowa/ros2_ws/install/sensors_demos_gazebo/lib/python3.10/site-packages/sensors_demos_gazebo-0.0.0-py3.10.egg-info' (and everything under it)
[1.366s] Copying ../../build/sensors_demos_gazebo/sensors_demos_gazebo.egg-info to /home/borowa/ros2_ws/install/sensors_demos_gazebo/lib/python3.10/site-packages/sensors_demos_gazebo-0.0.0-py3.10.egg-info
[1.368s] running install_scripts
[1.401s] writing list of installed files to '/home/borowa/ros2_ws/build/sensors_demos_gazebo/install.log'
[1.468s] Invoked command in '/home/borowa/ros2_ws/src/sensors_demos_gazebo' returned '0': PYTHONPATH=/home/borowa/ros2_ws/build/sensors_demos_gazebo/prefix_override:/home/borowa/ros2_ws/install/sensors_demos_gazebo/lib/python3.10/site-packages:${PYTHONPATH} /usr/bin/python3 setup.py egg_info --egg-base ../../build/sensors_demos_gazebo build --build-base /home/borowa/ros2_ws/build/sensors_demos_gazebo/build install --record /home/borowa/ros2_ws/build/sensors_demos_gazebo/install.log --install-scripts $base/lib/sensors_demos_gazebo --single-version-externally-managed
