[0.433s] Invoking command in '/home/borowa/ros2_ws/build/usb_cam': CMAKE_PREFIX_PATH=/home/borowa/ros2_ws/install/sensors_demos_gazebo:/opt/ros/humble /usr/bin/cmake /home/borowa/ros2_ws/src/usb_cam -DCMAKE_INSTALL_PREFIX=/home/borowa/ros2_ws/install/usb_cam
[0.801s] -- The C compiler identification is GNU 11.4.0
[1.043s] -- The CXX compiler identification is GNU 11.4.0
[1.077s] -- Detecting C compiler ABI info
[1.220s] -- Detecting C compiler ABI info - done
[1.226s] -- Check for working C compiler: /usr/bin/cc - skipped
[1.228s] -- Detecting C compile features
[1.228s] -- Detecting C compile features - done
[1.234s] -- Detecting CXX compiler ABI info
[1.386s] -- Detecting CXX compiler ABI info - done
[1.396s] -- Check for working CXX compiler: /usr/bin/c++ - skipped
[1.397s] -- Detecting CXX compile features
[1.398s] -- Detecting CXX compile features - done
[1.402s] -- Found ament_cmake_auto: 1.3.6 (/opt/ros/humble/share/ament_cmake_auto/cmake)
[1.641s] -- Found Python3: /usr/bin/python3.10 (found version "3.10.12") found components: Interpreter 
[2.028s] -- Found rosidl_generator_c: 3.1.5 (/opt/ros/humble/share/rosidl_generator_c/cmake)
[2.050s] -- Found rosidl_adapter: 3.1.5 (/opt/ros/humble/share/rosidl_adapter/cmake)
[2.076s] -- Found rosidl_generator_cpp: 3.1.5 (/opt/ros/humble/share/rosidl_generator_cpp/cmake)
[2.112s] -- Using all available rosidl_typesupport_c: rosidl_typesupport_fastrtps_c;rosidl_typesupport_introspection_c
[2.162s] -- Using all available rosidl_typesupport_cpp: rosidl_typesupport_fastrtps_cpp;rosidl_typesupport_introspection_cpp
[2.300s] -- Found rmw_implementation_cmake: 6.1.1 (/opt/ros/humble/share/rmw_implementation_cmake/cmake)
[2.307s] -- Found rmw_fastrtps_cpp: 6.2.5 (/opt/ros/humble/share/rmw_fastrtps_cpp/cmake)
[2.520s] -- Found OpenSSL: /usr/lib/x86_64-linux-gnu/libcrypto.so (found version "3.0.2")  
[2.561s] -- Found FastRTPS: /opt/ros/humble/include  
[2.624s] -- Using RMW implementation 'rmw_fastrtps_cpp' as default
[2.654s] -- Looking for pthread.h
[2.895s] -- Looking for pthread.h - found
[2.895s] -- Performing Test CMAKE_HAVE_LIBC_PTHREAD
[3.038s] -- Performing Test CMAKE_HAVE_LIBC_PTHREAD - Success
[3.039s] -- Found Threads: TRUE  
[4.140s] -- Found OpenCV: /usr (found version "4.5.4") 
[4.162s] -- Found PkgConfig: /usr/bin/pkg-config (found version "0.29.2") 
[4.164s] -- Checking for module 'libavcodec'
[4.202s] --   Found libavcodec, version 58.134.100
[4.357s] -- Checking for module 'libavutil'
[4.392s] --   Found libavutil, version 56.70.100
[4.495s] -- Checking for module 'libswscale'
[4.553s] --   Found libswscale, version 5.9.100
[4.680s] -- Found ament_lint_auto: 0.12.9 (/opt/ros/humble/share/ament_lint_auto/cmake)
[4.792s] -- Found gtest sources under '/opt/ros/humble/src/gtest_vendor': C++ tests using 'Google Test' will be built
[4.836s] -- Added test 'copyright' to check source files copyright and LICENSE
[4.852s] -- Added test 'cppcheck' to perform static code analysis on C / C++ code
[4.852s] -- Configured cppcheck include dirs: /home/borowa/ros2_ws/src/usb_cam/include
[4.852s] -- Configured cppcheck exclude dirs and/or files: 
[4.892s] -- Added test 'cpplint' to check C / C++ code against the Google style
[4.892s] -- Configured cpplint exclude dirs and/or files: 
[4.892s] -- Added test 'flake8' to check Python code syntax and style conventions
[4.892s] -- Added test 'lint_cmake' to check CMake code style
[4.892s] -- Added test 'pep257' to check Python code against some of the docstring style conventions in PEP 257
[4.898s] -- Added test 'uncrustify' to check C / C++ code style
[4.898s] -- Configured uncrustify additional arguments: 
[4.909s] -- Added test 'xmllint' to check XML markup files
[4.935s] -- Configuring done
[4.976s] -- Generating done
[4.979s] -- Build files have been written to: /home/borowa/ros2_ws/build/usb_cam
[4.994s] Invoked command in '/home/borowa/ros2_ws/build/usb_cam' returned '0': CMAKE_PREFIX_PATH=/home/borowa/ros2_ws/install/sensors_demos_gazebo:/opt/ros/humble /usr/bin/cmake /home/borowa/ros2_ws/src/usb_cam -DCMAKE_INSTALL_PREFIX=/home/borowa/ros2_ws/install/usb_cam
[4.994s] Invoking command in '/home/borowa/ros2_ws/build/usb_cam': CMAKE_PREFIX_PATH=/home/borowa/ros2_ws/install/sensors_demos_gazebo:/opt/ros/humble /usr/bin/cmake --build /home/borowa/ros2_ws/build/usb_cam -- -j4 -l4
[5.096s] [  7%] [32mBuilding CXX object CMakeFiles/usb_cam.dir/src/usb_cam.cpp.o[0m
[5.105s] [ 14%] [32mBuilding CXX object CMakeFiles/usb_cam_node_exe.dir/rclcpp_components/node_main_usb_cam_node_exe.cpp.o[0m
[5.150s] [ 21%] [32mBuilding CXX object gtest/CMakeFiles/gtest_main.dir/src/gtest_main.cc.o[0m
[5.163s] [ 28%] [32mBuilding CXX object gtest/CMakeFiles/gtest.dir/src/gtest-all.cc.o[0m
[6.479s] [ 35%] [32m[1mLinking CXX static library libgtest_main.a[0m
[6.534s] [ 35%] Built target gtest_main
[7.593s] [ 42%] [32m[1mLinking CXX shared library libusb_cam.so[0m
[8.174s] [ 42%] Built target usb_cam
[8.214s] [ 50%] [32mBuilding CXX object CMakeFiles/usb_cam_node.dir/src/ros2/usb_cam_node.cpp.o[0m
[9.066s] [ 57%] [32m[1mLinking CXX static library libgtest.a[0m
[9.187s] [ 57%] Built target gtest
[9.238s] [ 64%] [32mBuilding CXX object CMakeFiles/test_pixel_formats.dir/test/test_pixel_formats.cpp.o[0m
[9.344s] [ 71%] [32mBuilding CXX object CMakeFiles/test_usb_cam_utils.dir/test/test_usb_cam_utils.cpp.o[0m
[9.934s] [ 78%] [32m[1mLinking CXX executable usb_cam_node_exe[0m
[10.267s] [ 85%] [32m[1mLinking CXX executable test_usb_cam_utils[0m
[10.368s] [ 85%] Built target usb_cam_node_exe
[10.508s] [ 85%] Built target test_usb_cam_utils
[10.588s] [ 92%] [32m[1mLinking CXX executable test_pixel_formats[0m
[10.822s] [ 92%] Built target test_pixel_formats
[17.539s] [100%] [32m[1mLinking CXX shared library libusb_cam_node.so[0m
[18.143s] [100%] Built target usb_cam_node
[18.167s] Invoked command in '/home/borowa/ros2_ws/build/usb_cam' returned '0': CMAKE_PREFIX_PATH=/home/borowa/ros2_ws/install/sensors_demos_gazebo:/opt/ros/humble /usr/bin/cmake --build /home/borowa/ros2_ws/build/usb_cam -- -j4 -l4
[18.296s] Invoking command in '/home/borowa/ros2_ws/build/usb_cam': CMAKE_PREFIX_PATH=/home/borowa/ros2_ws/install/sensors_demos_gazebo:/opt/ros/humble /usr/bin/cmake --install /home/borowa/ros2_ws/build/usb_cam
[18.306s] -- Install configuration: ""
[18.307s] -- Installing: /home/borowa/ros2_ws/install/usb_cam/share/usb_cam/environment/library_path.sh
[18.307s] -- Installing: /home/borowa/ros2_ws/install/usb_cam/share/usb_cam/environment/library_path.dsv
[18.307s] -- Installing: /home/borowa/ros2_ws/install/usb_cam/lib/usb_cam/usb_cam_node_exe
[18.309s] -- Set runtime path of "/home/borowa/ros2_ws/install/usb_cam/lib/usb_cam/usb_cam_node_exe" to ""
[18.309s] -- Installing: /home/borowa/ros2_ws/install/usb_cam/lib/usb_cam/show_image.py
[18.309s] -- Installing: /home/borowa/ros2_ws/install/usb_cam/lib/libusb_cam.so
[18.310s] -- Installing: /home/borowa/ros2_ws/install/usb_cam/lib/libusb_cam_node.so
[18.318s] -- Set runtime path of "/home/borowa/ros2_ws/install/usb_cam/lib/libusb_cam_node.so" to ""
[18.318s] -- Installing: /home/borowa/ros2_ws/install/usb_cam/include
[18.319s] -- Installing: /home/borowa/ros2_ws/install/usb_cam/include/usb_cam
[18.320s] -- Installing: /home/borowa/ros2_ws/install/usb_cam/include/usb_cam/utils.hpp
[18.321s] -- Installing: /home/borowa/ros2_ws/install/usb_cam/include/usb_cam/usb_cam.hpp
[18.322s] -- Installing: /home/borowa/ros2_ws/install/usb_cam/include/usb_cam/conversions.hpp
[18.322s] -- Installing: /home/borowa/ros2_ws/install/usb_cam/include/usb_cam/usb_cam_node.hpp
[18.322s] -- Installing: /home/borowa/ros2_ws/install/usb_cam/include/usb_cam/constants.hpp
[18.322s] -- Installing: /home/borowa/ros2_ws/install/usb_cam/include/usb_cam/formats
[18.322s] -- Installing: /home/borowa/ros2_ws/install/usb_cam/include/usb_cam/formats/mono.hpp
[18.322s] -- Installing: /home/borowa/ros2_ws/install/usb_cam/include/usb_cam/formats/utils.hpp
[18.322s] -- Installing: /home/borowa/ros2_ws/install/usb_cam/include/usb_cam/formats/av_pixel_format_helper.hpp
[18.323s] -- Installing: /home/borowa/ros2_ws/install/usb_cam/include/usb_cam/formats/uyvy.hpp
[18.323s] -- Installing: /home/borowa/ros2_ws/install/usb_cam/include/usb_cam/formats/rgb.hpp
[18.323s] -- Installing: /home/borowa/ros2_ws/install/usb_cam/include/usb_cam/formats/yuyv.hpp
[18.324s] -- Installing: /home/borowa/ros2_ws/install/usb_cam/include/usb_cam/formats/m420.hpp
[18.324s] -- Installing: /home/borowa/ros2_ws/install/usb_cam/include/usb_cam/formats/mjpeg.hpp
[18.324s] -- Installing: /home/borowa/ros2_ws/install/usb_cam/include/usb_cam/formats/pixel_format_base.hpp
[18.324s] -- Up-to-date: /home/borowa/ros2_ws/install/usb_cam/lib/libusb_cam_node.so
[18.325s] -- Installing: /home/borowa/ros2_ws/install/usb_cam/share/usb_cam/launch
[18.325s] -- Installing: /home/borowa/ros2_ws/install/usb_cam/share/usb_cam/launch/camera_config.py
[18.325s] -- Installing: /home/borowa/ros2_ws/install/usb_cam/share/usb_cam/launch/camera.launch.py
[18.325s] -- Installing: /home/borowa/ros2_ws/install/usb_cam/share/usb_cam/launch/__init__.py
[18.326s] -- Installing: /home/borowa/ros2_ws/install/usb_cam/share/usb_cam/config
[18.326s] -- Installing: /home/borowa/ros2_ws/install/usb_cam/share/usb_cam/config/params_1.yaml
[18.326s] -- Installing: /home/borowa/ros2_ws/install/usb_cam/share/usb_cam/config/params_2.yaml
[18.326s] -- Installing: /home/borowa/ros2_ws/install/usb_cam/share/usb_cam/config/camera_info.yaml
[18.328s] -- Installing: /home/borowa/ros2_ws/install/usb_cam/share/ament_index/resource_index/package_run_dependencies/usb_cam
[18.328s] -- Installing: /home/borowa/ros2_ws/install/usb_cam/share/ament_index/resource_index/parent_prefix_path/usb_cam
[18.328s] -- Installing: /home/borowa/ros2_ws/install/usb_cam/share/usb_cam/environment/ament_prefix_path.sh
[18.328s] -- Installing: /home/borowa/ros2_ws/install/usb_cam/share/usb_cam/environment/ament_prefix_path.dsv
[18.329s] -- Installing: /home/borowa/ros2_ws/install/usb_cam/share/usb_cam/environment/path.sh
[18.329s] -- Installing: /home/borowa/ros2_ws/install/usb_cam/share/usb_cam/environment/path.dsv
[18.329s] -- Installing: /home/borowa/ros2_ws/install/usb_cam/share/usb_cam/local_setup.bash
[18.329s] -- Installing: /home/borowa/ros2_ws/install/usb_cam/share/usb_cam/local_setup.sh
[18.329s] -- Installing: /home/borowa/ros2_ws/install/usb_cam/share/usb_cam/local_setup.zsh
[18.330s] -- Installing: /home/borowa/ros2_ws/install/usb_cam/share/usb_cam/local_setup.dsv
[18.330s] -- Installing: /home/borowa/ros2_ws/install/usb_cam/share/usb_cam/package.dsv
[18.330s] -- Installing: /home/borowa/ros2_ws/install/usb_cam/share/ament_index/resource_index/packages/usb_cam
[18.331s] -- Installing: /home/borowa/ros2_ws/install/usb_cam/share/ament_index/resource_index/rclcpp_components/usb_cam
[18.331s] -- Installing: /home/borowa/ros2_ws/install/usb_cam/share/usb_cam/cmake/ament_cmake_export_libraries-extras.cmake
[18.331s] -- Installing: /home/borowa/ros2_ws/install/usb_cam/share/usb_cam/cmake/ament_cmake_export_dependencies-extras.cmake
[18.331s] -- Installing: /home/borowa/ros2_ws/install/usb_cam/share/usb_cam/cmake/ament_cmake_export_include_directories-extras.cmake
[18.332s] -- Installing: /home/borowa/ros2_ws/install/usb_cam/share/usb_cam/cmake/usb_camConfig.cmake
[18.332s] -- Installing: /home/borowa/ros2_ws/install/usb_cam/share/usb_cam/cmake/usb_camConfig-version.cmake
[18.332s] -- Installing: /home/borowa/ros2_ws/install/usb_cam/share/usb_cam/package.xml
[18.345s] Invoked command in '/home/borowa/ros2_ws/build/usb_cam' returned '0': CMAKE_PREFIX_PATH=/home/borowa/ros2_ws/install/sensors_demos_gazebo:/opt/ros/humble /usr/bin/cmake --install /home/borowa/ros2_ws/build/usb_cam
