[1.067s] Invoking command in '/home/borowa/ros2_ws/build/usb_cam': CMAKE_PREFIX_PATH=${CMAKE_PREFIX_PATH}:/home/borowa/ros2_ws/install/camera_subscriber:/home/borowa/ros2_ws/install/sensors_demos_gazebo:/opt/ros/humble /usr/bin/cmake --build /home/borowa/ros2_ws/build/usb_cam -- -j4 -l4
[1.212s] [ 14%] Built target usb_cam
[1.229s] [ 28%] Built target usb_cam_node_exe
[1.248s] [ 42%] Built target gtest_main
[1.277s] [ 57%] Built target gtest
[1.317s] [ 71%] Built target test_usb_cam_utils
[1.357s] [ 85%] Built target test_pixel_formats
[1.390s] [100%] Built target usb_cam_node
[1.412s] Invoked command in '/home/borowa/ros2_ws/build/usb_cam' returned '0': CMAKE_PREFIX_PATH=${CMAKE_PREFIX_PATH}:/home/borowa/ros2_ws/install/camera_subscriber:/home/borowa/ros2_ws/install/sensors_demos_gazebo:/opt/ros/humble /usr/bin/cmake --build /home/borowa/ros2_ws/build/usb_cam -- -j4 -l4
[1.615s] Invoking command in '/home/borowa/ros2_ws/build/usb_cam': CMAKE_PREFIX_PATH=${CMAKE_PREFIX_PATH}:/home/borowa/ros2_ws/install/camera_subscriber:/home/borowa/ros2_ws/install/sensors_demos_gazebo:/opt/ros/humble /usr/bin/cmake --install /home/borowa/ros2_ws/build/usb_cam
[1.632s] -- Install configuration: ""
[1.632s] -- Up-to-date: /home/borowa/ros2_ws/install/usb_cam/share/usb_cam/environment/library_path.sh
[1.633s] -- Up-to-date: /home/borowa/ros2_ws/install/usb_cam/share/usb_cam/environment/library_path.dsv
[1.633s] -- Up-to-date: /home/borowa/ros2_ws/install/usb_cam/lib/usb_cam/usb_cam_node_exe
[1.633s] -- Up-to-date: /home/borowa/ros2_ws/install/usb_cam/lib/usb_cam/show_image.py
[1.633s] -- Up-to-date: /home/borowa/ros2_ws/install/usb_cam/lib/libusb_cam.so
[1.634s] -- Up-to-date: /home/borowa/ros2_ws/install/usb_cam/lib/libusb_cam_node.so
[1.634s] -- Up-to-date: /home/borowa/ros2_ws/install/usb_cam/include
[1.634s] -- Up-to-date: /home/borowa/ros2_ws/install/usb_cam/include/usb_cam
[1.634s] -- Up-to-date: /home/borowa/ros2_ws/install/usb_cam/include/usb_cam/utils.hpp
[1.634s] -- Up-to-date: /home/borowa/ros2_ws/install/usb_cam/include/usb_cam/usb_cam.hpp
[1.635s] -- Up-to-date: /home/borowa/ros2_ws/install/usb_cam/include/usb_cam/conversions.hpp
[1.635s] -- Up-to-date: /home/borowa/ros2_ws/install/usb_cam/include/usb_cam/usb_cam_node.hpp
[1.635s] -- Up-to-date: /home/borowa/ros2_ws/install/usb_cam/include/usb_cam/constants.hpp
[1.635s] -- Up-to-date: /home/borowa/ros2_ws/install/usb_cam/include/usb_cam/formats
[1.635s] -- Up-to-date: /home/borowa/ros2_ws/install/usb_cam/include/usb_cam/formats/mono.hpp
[1.635s] -- Up-to-date: /home/borowa/ros2_ws/install/usb_cam/include/usb_cam/formats/utils.hpp
[1.635s] -- Up-to-date: /home/borowa/ros2_ws/install/usb_cam/include/usb_cam/formats/av_pixel_format_helper.hpp
[1.635s] -- Up-to-date: /home/borowa/ros2_ws/install/usb_cam/include/usb_cam/formats/uyvy.hpp
[1.635s] -- Up-to-date: /home/borowa/ros2_ws/install/usb_cam/include/usb_cam/formats/rgb.hpp
[1.635s] -- Up-to-date: /home/borowa/ros2_ws/install/usb_cam/include/usb_cam/formats/yuyv.hpp
[1.635s] -- Up-to-date: /home/borowa/ros2_ws/install/usb_cam/include/usb_cam/formats/m420.hpp
[1.635s] -- Up-to-date: /home/borowa/ros2_ws/install/usb_cam/include/usb_cam/formats/mjpeg.hpp
[1.635s] -- Up-to-date: /home/borowa/ros2_ws/install/usb_cam/include/usb_cam/formats/pixel_format_base.hpp
[1.636s] -- Up-to-date: /home/borowa/ros2_ws/install/usb_cam/lib/libusb_cam_node.so
[1.636s] -- Up-to-date: /home/borowa/ros2_ws/install/usb_cam/share/usb_cam/launch
[1.636s] -- Up-to-date: /home/borowa/ros2_ws/install/usb_cam/share/usb_cam/launch/camera_config.py
[1.636s] -- Up-to-date: /home/borowa/ros2_ws/install/usb_cam/share/usb_cam/launch/camera.launch.py
[1.636s] -- Up-to-date: /home/borowa/ros2_ws/install/usb_cam/share/usb_cam/launch/__init__.py
[1.636s] -- Up-to-date: /home/borowa/ros2_ws/install/usb_cam/share/usb_cam/config
[1.637s] -- Up-to-date: /home/borowa/ros2_ws/install/usb_cam/share/usb_cam/config/params_1.yaml
[1.637s] -- Up-to-date: /home/borowa/ros2_ws/install/usb_cam/share/usb_cam/config/params_2.yaml
[1.637s] -- Up-to-date: /home/borowa/ros2_ws/install/usb_cam/share/usb_cam/config/camera_info.yaml
[1.637s] -- Up-to-date: /home/borowa/ros2_ws/install/usb_cam/share/ament_index/resource_index/package_run_dependencies/usb_cam
[1.638s] -- Up-to-date: /home/borowa/ros2_ws/install/usb_cam/share/ament_index/resource_index/parent_prefix_path/usb_cam
[1.639s] -- Up-to-date: /home/borowa/ros2_ws/install/usb_cam/share/usb_cam/environment/ament_prefix_path.sh
[1.639s] -- Up-to-date: /home/borowa/ros2_ws/install/usb_cam/share/usb_cam/environment/ament_prefix_path.dsv
[1.639s] -- Up-to-date: /home/borowa/ros2_ws/install/usb_cam/share/usb_cam/environment/path.sh
[1.639s] -- Up-to-date: /home/borowa/ros2_ws/install/usb_cam/share/usb_cam/environment/path.dsv
[1.640s] -- Up-to-date: /home/borowa/ros2_ws/install/usb_cam/share/usb_cam/local_setup.bash
[1.641s] -- Up-to-date: /home/borowa/ros2_ws/install/usb_cam/share/usb_cam/local_setup.sh
[1.641s] -- Up-to-date: /home/borowa/ros2_ws/install/usb_cam/share/usb_cam/local_setup.zsh
[1.641s] -- Up-to-date: /home/borowa/ros2_ws/install/usb_cam/share/usb_cam/local_setup.dsv
[1.641s] -- Installing: /home/borowa/ros2_ws/install/usb_cam/share/usb_cam/package.dsv
[1.642s] -- Up-to-date: /home/borowa/ros2_ws/install/usb_cam/share/ament_index/resource_index/packages/usb_cam
[1.644s] -- Up-to-date: /home/borowa/ros2_ws/install/usb_cam/share/ament_index/resource_index/rclcpp_components/usb_cam
[1.645s] -- Up-to-date: /home/borowa/ros2_ws/install/usb_cam/share/usb_cam/cmake/ament_cmake_export_libraries-extras.cmake
[1.645s] -- Up-to-date: /home/borowa/ros2_ws/install/usb_cam/share/usb_cam/cmake/ament_cmake_export_dependencies-extras.cmake
[1.645s] -- Up-to-date: /home/borowa/ros2_ws/install/usb_cam/share/usb_cam/cmake/ament_cmake_export_include_directories-extras.cmake
[1.647s] -- Up-to-date: /home/borowa/ros2_ws/install/usb_cam/share/usb_cam/cmake/usb_camConfig.cmake
[1.647s] -- Up-to-date: /home/borowa/ros2_ws/install/usb_cam/share/usb_cam/cmake/usb_camConfig-version.cmake
[1.647s] -- Up-to-date: /home/borowa/ros2_ws/install/usb_cam/share/usb_cam/package.xml
[1.651s] Invoked command in '/home/borowa/ros2_ws/build/usb_cam' returned '0': CMAKE_PREFIX_PATH=${CMAKE_PREFIX_PATH}:/home/borowa/ros2_ws/install/camera_subscriber:/home/borowa/ros2_ws/install/sensors_demos_gazebo:/opt/ros/humble /usr/bin/cmake --install /home/borowa/ros2_ws/build/usb_cam
