[10.644s] DEBUG:colcon:Command line arguments: ['/home/vboxuser/.local/bin/colcon', 'build']
[10.645s] DEBUG:colcon:Parsed command line arguments: Namespace(log_base=None, log_level=None, verb_name='build', build_base='build', install_base='install', merge_install=False, symlink_install=False, test_result_base=None, continue_on_error=False, executor='parallel', parallel_workers=2, event_handlers=None, ignore_user_meta=False, metas=['./colcon.meta'], base_paths=['.'], packages_ignore=None, packages_ignore_regex=None, paths=None, packages_up_to=None, packages_up_to_regex=None, packages_above=None, packages_above_and_dependencies=None, packages_above_depth=None, packages_select_by_dep=None, packages_skip_by_dep=None, packages_skip_up_to=None, packages_select_build_failed=False, packages_skip_build_finished=False, packages_select_test_failures=False, packages_skip_test_passed=False, packages_select=None, packages_skip=None, packages_select_regex=None, packages_skip_regex=None, packages_start=None, packages_end=None, allow_overriding=[], cmake_args=None, cmake_target=None, cmake_target_skip_unavailable=False, cmake_clean_cache=False, cmake_clean_first=False, cmake_force_configure=False, ament_cmake_args=None, catkin_cmake_args=None, catkin_skip_building_tests=False, verb_parser=<colcon_defaults.argument_parser.defaults.DefaultArgumentsDecorator object at 0x7facc4f437c0>, verb_extension=<colcon_core.verb.build.BuildVerb object at 0x7facc4f42f80>, main=<bound method BuildVerb.main of <colcon_core.verb.build.BuildVerb object at 0x7facc4f42f80>>)
[11.330s] Level 1:colcon.colcon_core.package_discovery:discover_packages(colcon_meta) check parameters
[11.331s] Level 1:colcon.colcon_core.package_discovery:discover_packages(recursive) check parameters
[11.331s] Level 1:colcon.colcon_core.package_discovery:discover_packages(ignore) check parameters
[11.331s] Level 1:colcon.colcon_core.package_discovery:discover_packages(path) check parameters
[11.331s] Level 1:colcon.colcon_core.package_discovery:discover_packages(colcon_meta) discover
[11.332s] Level 1:colcon.colcon_core.package_discovery:discover_packages(recursive) discover
[11.333s] INFO:colcon.colcon_core.package_discovery:Crawling recursively for packages in '/home/vboxuser/ros2_ws'
[11.335s] Level 1:colcon.colcon_core.package_identification:_identify(.) by extensions ['ignore', 'ignore_ament_install']
[11.335s] Level 1:colcon.colcon_core.package_identification:_identify(.) by extension 'ignore'
[11.335s] Level 1:colcon.colcon_core.package_identification:_identify(.) by extension 'ignore_ament_install'
[11.336s] Level 1:colcon.colcon_core.package_identification:_identify(.) by extensions ['colcon_pkg']
[11.338s] Level 1:colcon.colcon_core.package_identification:_identify(.) by extension 'colcon_pkg'
[11.338s] Level 1:colcon.colcon_core.package_identification:_identify(.) by extensions ['colcon_meta']
[11.338s] Level 1:colcon.colcon_core.package_identification:_identify(.) by extension 'colcon_meta'
[11.338s] Level 1:colcon.colcon_core.package_identification:_identify(.) by extensions ['ros']
[11.338s] Level 1:colcon.colcon_core.package_identification:_identify(.) by extension 'ros'
[11.485s] Level 1:colcon.colcon_core.package_identification:_identify(.) by extensions ['cmake', 'python']
[11.485s] Level 1:colcon.colcon_core.package_identification:_identify(.) by extension 'cmake'
[11.485s] Level 1:colcon.colcon_core.package_identification:_identify(.) by extension 'python'
[11.485s] Level 1:colcon.colcon_core.package_identification:_identify(.) by extensions ['python_setup_py']
[11.485s] Level 1:colcon.colcon_core.package_identification:_identify(.) by extension 'python_setup_py'
[11.487s] Level 1:colcon.colcon_core.package_identification:_identify(build) by extensions ['ignore', 'ignore_ament_install']
[11.487s] Level 1:colcon.colcon_core.package_identification:_identify(build) by extension 'ignore'
[11.487s] Level 1:colcon.colcon_core.package_identification:_identify(build) ignored
[11.491s] Level 1:colcon.colcon_core.package_identification:_identify(install) by extensions ['ignore', 'ignore_ament_install']
[11.492s] Level 1:colcon.colcon_core.package_identification:_identify(install) by extension 'ignore'
[11.492s] Level 1:colcon.colcon_core.package_identification:_identify(install) ignored
[11.493s] Level 1:colcon.colcon_core.package_identification:_identify(log) by extensions ['ignore', 'ignore_ament_install']
[11.493s] Level 1:colcon.colcon_core.package_identification:_identify(log) by extension 'ignore'
[11.493s] Level 1:colcon.colcon_core.package_identification:_identify(log) ignored
[11.493s] Level 1:colcon.colcon_core.package_identification:_identify(src) by extensions ['ignore', 'ignore_ament_install']
[11.493s] Level 1:colcon.colcon_core.package_identification:_identify(src) by extension 'ignore'
[11.494s] Level 1:colcon.colcon_core.package_identification:_identify(src) by extension 'ignore_ament_install'
[11.494s] Level 1:colcon.colcon_core.package_identification:_identify(src) by extensions ['colcon_pkg']
[11.495s] Level 1:colcon.colcon_core.package_identification:_identify(src) by extension 'colcon_pkg'
[11.495s] Level 1:colcon.colcon_core.package_identification:_identify(src) by extensions ['colcon_meta']
[11.495s] Level 1:colcon.colcon_core.package_identification:_identify(src) by extension 'colcon_meta'
[11.497s] Level 1:colcon.colcon_core.package_identification:_identify(src) by extensions ['ros']
[11.497s] Level 1:colcon.colcon_core.package_identification:_identify(src) by extension 'ros'
[11.497s] Level 1:colcon.colcon_core.package_identification:_identify(src) by extensions ['cmake', 'python']
[11.497s] Level 1:colcon.colcon_core.package_identification:_identify(src) by extension 'cmake'
[11.497s] Level 1:colcon.colcon_core.package_identification:_identify(src) by extension 'python'
[11.499s] Level 1:colcon.colcon_core.package_identification:_identify(src) by extensions ['python_setup_py']
[11.499s] Level 1:colcon.colcon_core.package_identification:_identify(src) by extension 'python_setup_py'
[11.499s] Level 1:colcon.colcon_core.package_identification:_identify(src/moja_paczka) by extensions ['ignore', 'ignore_ament_install']
[11.500s] Level 1:colcon.colcon_core.package_identification:_identify(src/moja_paczka) by extension 'ignore'
[11.501s] Level 1:colcon.colcon_core.package_identification:_identify(src/moja_paczka) by extension 'ignore_ament_install'
[11.501s] Level 1:colcon.colcon_core.package_identification:_identify(src/moja_paczka) by extensions ['colcon_pkg']
[11.502s] Level 1:colcon.colcon_core.package_identification:_identify(src/moja_paczka) by extension 'colcon_pkg'
[11.502s] Level 1:colcon.colcon_core.package_identification:_identify(src/moja_paczka) by extensions ['colcon_meta']
[11.502s] Level 1:colcon.colcon_core.package_identification:_identify(src/moja_paczka) by extension 'colcon_meta'
[11.502s] Level 1:colcon.colcon_core.package_identification:_identify(src/moja_paczka) by extensions ['ros']
[11.502s] Level 1:colcon.colcon_core.package_identification:_identify(src/moja_paczka) by extension 'ros'
[11.519s] DEBUG:colcon.colcon_core.package_identification:Package 'src/moja_paczka' with type 'ros.ament_python' and name 'moja_paczka'
[11.519s] Level 1:colcon.colcon_core.package_discovery:discover_packages(recursive) using defaults
[11.520s] Level 1:colcon.colcon_core.package_discovery:discover_packages(ignore) discover
[11.522s] Level 1:colcon.colcon_core.package_discovery:discover_packages(ignore) using defaults
[11.523s] Level 1:colcon.colcon_core.package_discovery:discover_packages(path) discover
[11.523s] Level 1:colcon.colcon_core.package_discovery:discover_packages(path) using defaults
[12.299s] Level 1:colcon.colcon_core.package_discovery:discover_packages(prefix_path) check parameters
[12.299s] Level 1:colcon.colcon_core.package_discovery:discover_packages(prefix_path) discover
[12.555s] DEBUG:colcon.colcon_installed_package_information.package_discovery:Found 0 installed packages in /home/vboxuser/ros2_ws/install
[12.690s] DEBUG:colcon.colcon_installed_package_information.package_discovery:Found 397 installed packages in /opt/ros/humble
[12.707s] Level 1:colcon.colcon_core.package_discovery:discover_packages(prefix_path) using defaults
[13.811s] Level 5:colcon.colcon_core.verb:set package 'moja_paczka' build argument 'cmake_args' from command line to 'None'
[13.811s] Level 5:colcon.colcon_core.verb:set package 'moja_paczka' build argument 'cmake_target' from command line to 'None'
[13.811s] Level 5:colcon.colcon_core.verb:set package 'moja_paczka' build argument 'cmake_target_skip_unavailable' from command line to 'False'
[13.813s] Level 5:colcon.colcon_core.verb:set package 'moja_paczka' build argument 'cmake_clean_cache' from command line to 'False'
[13.813s] Level 5:colcon.colcon_core.verb:set package 'moja_paczka' build argument 'cmake_clean_first' from command line to 'False'
[13.813s] Level 5:colcon.colcon_core.verb:set package 'moja_paczka' build argument 'cmake_force_configure' from command line to 'False'
[13.813s] Level 5:colcon.colcon_core.verb:set package 'moja_paczka' build argument 'ament_cmake_args' from command line to 'None'
[13.813s] Level 5:colcon.colcon_core.verb:set package 'moja_paczka' build argument 'catkin_cmake_args' from command line to 'None'
[13.813s] Level 5:colcon.colcon_core.verb:set package 'moja_paczka' build argument 'catkin_skip_building_tests' from command line to 'False'
[13.813s] DEBUG:colcon.colcon_core.verb:Building package 'moja_paczka' with the following arguments: {'ament_cmake_args': None, 'build_base': '/home/vboxuser/ros2_ws/build/moja_paczka', 'catkin_cmake_args': None, 'catkin_skip_building_tests': False, 'cmake_args': None, 'cmake_clean_cache': False, 'cmake_clean_first': False, 'cmake_force_configure': False, 'cmake_target': None, 'cmake_target_skip_unavailable': False, 'install_base': '/home/vboxuser/ros2_ws/install/moja_paczka', 'merge_install': False, 'path': '/home/vboxuser/ros2_ws/src/moja_paczka', 'symlink_install': False, 'test_result_base': None}
[13.972s] INFO:colcon.colcon_core.executor:Executing jobs using 'parallel' executor
[14.145s] DEBUG:colcon.colcon_parallel_executor.executor.parallel:run_until_complete
[14.146s] INFO:colcon.colcon_ros.task.ament_python.build:Building ROS package in '/home/vboxuser/ros2_ws/src/moja_paczka' with build type 'ament_python'
[14.146s] Level 1:colcon.colcon_core.shell:create_environment_hook('moja_paczka', 'ament_prefix_path')
[14.370s] INFO:colcon.colcon_core.plugin_system:Skipping extension 'colcon_core.shell.bat': Not used on non-Windows systems
[14.370s] INFO:colcon.colcon_core.shell:Creating environment hook '/home/vboxuser/ros2_ws/install/moja_paczka/share/moja_paczka/hook/ament_prefix_path.ps1'
[14.373s] INFO:colcon.colcon_core.shell:Creating environment descriptor '/home/vboxuser/ros2_ws/install/moja_paczka/share/moja_paczka/hook/ament_prefix_path.dsv'
[14.378s] INFO:colcon.colcon_core.shell:Creating environment hook '/home/vboxuser/ros2_ws/install/moja_paczka/share/moja_paczka/hook/ament_prefix_path.sh'
[14.518s] INFO:colcon.colcon_core.shell:Skip shell extension 'powershell' for command environment: Not usable outside of PowerShell
[14.519s] DEBUG:colcon.colcon_core.shell:Skip shell extension 'dsv' for command environment
[17.157s] INFO:colcon.colcon_core.task.python.build:Building Python package in '/home/vboxuser/ros2_ws/src/moja_paczka'
[17.367s] INFO:colcon.colcon_core.shell:Skip shell extension 'powershell' for command environment: Not usable outside of PowerShell
[17.368s] DEBUG:colcon.colcon_core.shell:Skip shell extension 'dsv' for command environment
[20.661s] DEBUG:colcon.colcon_core.event_handler.log_command:Invoking command in '/home/vboxuser/ros2_ws/src/moja_paczka': PYTHONPATH=/home/vboxuser/ros2_ws/build/moja_paczka/prefix_override:/home/vboxuser/ros2_ws/install/moja_paczka/lib/python3.10/site-packages:${PYTHONPATH} /usr/bin/python3 setup.py egg_info --egg-base ../../build/moja_paczka build --build-base /home/vboxuser/ros2_ws/build/moja_paczka/build install --record /home/vboxuser/ros2_ws/build/moja_paczka/install.log --single-version-externally-managed
[22.836s] DEBUG:colcon.colcon_core.event_handler.log_command:Invoked command in '/home/vboxuser/ros2_ws/src/moja_paczka' returned '0': PYTHONPATH=/home/vboxuser/ros2_ws/build/moja_paczka/prefix_override:/home/vboxuser/ros2_ws/install/moja_paczka/lib/python3.10/site-packages:${PYTHONPATH} /usr/bin/python3 setup.py egg_info --egg-base ../../build/moja_paczka build --build-base /home/vboxuser/ros2_ws/build/moja_paczka/build install --record /home/vboxuser/ros2_ws/build/moja_paczka/install.log --single-version-externally-managed
[22.967s] Level 1:colcon.colcon_core.environment:checking '/home/vboxuser/ros2_ws/install/moja_paczka' for CMake module files
[22.968s] Level 1:colcon.colcon_core.environment:checking '/home/vboxuser/ros2_ws/install/moja_paczka' for CMake config files
[22.975s] Level 1:colcon.colcon_core.environment:checking '/home/vboxuser/ros2_ws/install/moja_paczka/lib'
[22.975s] Level 1:colcon.colcon_core.environment:checking '/home/vboxuser/ros2_ws/install/moja_paczka/bin'
[22.975s] Level 1:colcon.colcon_core.environment:checking '/home/vboxuser/ros2_ws/install/moja_paczka/lib/pkgconfig/moja_paczka.pc'
[22.976s] Level 1:colcon.colcon_core.environment:checking '/home/vboxuser/ros2_ws/install/moja_paczka/lib/python3.10/site-packages'
[22.976s] Level 1:colcon.colcon_core.shell:create_environment_hook('moja_paczka', 'pythonpath')
[23.089s] INFO:colcon.colcon_core.shell:Creating environment hook '/home/vboxuser/ros2_ws/install/moja_paczka/share/moja_paczka/hook/pythonpath.ps1'
[23.091s] INFO:colcon.colcon_core.shell:Creating environment descriptor '/home/vboxuser/ros2_ws/install/moja_paczka/share/moja_paczka/hook/pythonpath.dsv'
[23.093s] INFO:colcon.colcon_core.shell:Creating environment hook '/home/vboxuser/ros2_ws/install/moja_paczka/share/moja_paczka/hook/pythonpath.sh'
[23.097s] Level 1:colcon.colcon_core.environment:checking '/home/vboxuser/ros2_ws/install/moja_paczka/bin'
[23.097s] Level 1:colcon.colcon_core.environment:create_environment_scripts_only(moja_paczka)
[23.282s] INFO:colcon.colcon_core.shell:Creating package script '/home/vboxuser/ros2_ws/install/moja_paczka/share/moja_paczka/package.ps1'
[23.286s] INFO:colcon.colcon_core.shell:Creating package descriptor '/home/vboxuser/ros2_ws/install/moja_paczka/share/moja_paczka/package.dsv'
[23.292s] INFO:colcon.colcon_core.shell:Creating package script '/home/vboxuser/ros2_ws/install/moja_paczka/share/moja_paczka/package.sh'
[23.298s] INFO:colcon.colcon_core.shell:Creating package script '/home/vboxuser/ros2_ws/install/moja_paczka/share/moja_paczka/package.bash'
[23.305s] INFO:colcon.colcon_core.shell:Creating package script '/home/vboxuser/ros2_ws/install/moja_paczka/share/moja_paczka/package.zsh'
[23.308s] Level 1:colcon.colcon_core.environment:create_file_with_runtime_dependencies(/home/vboxuser/ros2_ws/install/moja_paczka/share/colcon-core/packages/moja_paczka)
[23.311s] DEBUG:colcon.colcon_parallel_executor.executor.parallel:closing loop
[23.311s] DEBUG:colcon.colcon_parallel_executor.executor.parallel:loop closed
[23.319s] DEBUG:colcon.colcon_parallel_executor.executor.parallel:run_until_complete finished with '0'
[23.320s] DEBUG:colcon.colcon_core.event_reactor:joining thread
[23.497s] INFO:colcon.colcon_core.plugin_system:Skipping extension 'colcon_notification.desktop_notification.terminal_notifier': Not used on non-Darwin systems
[23.497s] INFO:colcon.colcon_core.plugin_system:Skipping extension 'colcon_notification.desktop_notification.win32': Not used on non-Windows systems
[23.497s] INFO:colcon.colcon_notification.desktop_notification:Sending desktop notification using 'notify2'
[23.918s] DEBUG:colcon.colcon_core.event_reactor:joined thread
[24.134s] INFO:colcon.colcon_core.shell:Creating prefix script '/home/vboxuser/ros2_ws/install/local_setup.ps1'
[24.144s] INFO:colcon.colcon_core.shell:Creating prefix util module '/home/vboxuser/ros2_ws/install/_local_setup_util_ps1.py'
[24.149s] INFO:colcon.colcon_core.shell:Creating prefix chain script '/home/vboxuser/ros2_ws/install/setup.ps1'
[24.312s] INFO:colcon.colcon_core.shell:Creating prefix script '/home/vboxuser/ros2_ws/install/local_setup.sh'
[24.322s] INFO:colcon.colcon_core.shell:Creating prefix util module '/home/vboxuser/ros2_ws/install/_local_setup_util_sh.py'
[24.328s] INFO:colcon.colcon_core.shell:Creating prefix chain script '/home/vboxuser/ros2_ws/install/setup.sh'
[24.570s] INFO:colcon.colcon_core.shell:Creating prefix script '/home/vboxuser/ros2_ws/install/local_setup.bash'
[24.580s] INFO:colcon.colcon_core.shell:Creating prefix chain script '/home/vboxuser/ros2_ws/install/setup.bash'
[24.694s] INFO:colcon.colcon_core.shell:Creating prefix script '/home/vboxuser/ros2_ws/install/local_setup.zsh'
[24.697s] INFO:colcon.colcon_core.shell:Creating prefix chain script '/home/vboxuser/ros2_ws/install/setup.zsh'
