[14.764s] DEBUG:colcon:Command line arguments: ['/home/vboxuser/.local/bin/colcon', 'build']
[14.764s] DEBUG:colcon:Parsed command line arguments: Namespace(log_base=None, log_level=None, verb_name='build', build_base='build', install_base='install', merge_install=False, symlink_install=False, test_result_base=None, continue_on_error=False, executor='parallel', parallel_workers=2, event_handlers=None, ignore_user_meta=False, metas=['./colcon.meta'], base_paths=['.'], packages_ignore=None, packages_ignore_regex=None, paths=None, packages_up_to=None, packages_up_to_regex=None, packages_above=None, packages_above_and_dependencies=None, packages_above_depth=None, packages_select_by_dep=None, packages_skip_by_dep=None, packages_skip_up_to=None, packages_select_build_failed=False, packages_skip_build_finished=False, packages_select_test_failures=False, packages_skip_test_passed=False, packages_select=None, packages_skip=None, packages_select_regex=None, packages_skip_regex=None, packages_start=None, packages_end=None, allow_overriding=[], cmake_args=None, cmake_target=None, cmake_target_skip_unavailable=False, cmake_clean_cache=False, cmake_clean_first=False, cmake_force_configure=False, ament_cmake_args=None, catkin_cmake_args=None, catkin_skip_building_tests=False, verb_parser=<colcon_defaults.argument_parser.defaults.DefaultArgumentsDecorator object at 0x7fcc6df39ae0>, verb_extension=<colcon_core.verb.build.BuildVerb object at 0x7fcc6df3a2f0>, main=<bound method BuildVerb.main of <colcon_core.verb.build.BuildVerb object at 0x7fcc6df3a2f0>>)
[15.379s] Level 1:colcon.colcon_core.package_discovery:discover_packages(colcon_meta) check parameters
[15.380s] Level 1:colcon.colcon_core.package_discovery:discover_packages(recursive) check parameters
[15.380s] Level 1:colcon.colcon_core.package_discovery:discover_packages(ignore) check parameters
[15.380s] Level 1:colcon.colcon_core.package_discovery:discover_packages(path) check parameters
[15.380s] Level 1:colcon.colcon_core.package_discovery:discover_packages(colcon_meta) discover
[15.380s] Level 1:colcon.colcon_core.package_discovery:discover_packages(recursive) discover
[15.380s] INFO:colcon.colcon_core.package_discovery:Crawling recursively for packages in '/home/vboxuser/ros2_ws'
[15.381s] Level 1:colcon.colcon_core.package_identification:_identify(.) by extensions ['ignore', 'ignore_ament_install']
[15.381s] Level 1:colcon.colcon_core.package_identification:_identify(.) by extension 'ignore'
[15.381s] Level 1:colcon.colcon_core.package_identification:_identify(.) by extension 'ignore_ament_install'
[15.382s] Level 1:colcon.colcon_core.package_identification:_identify(.) by extensions ['colcon_pkg']
[15.382s] Level 1:colcon.colcon_core.package_identification:_identify(.) by extension 'colcon_pkg'
[15.382s] Level 1:colcon.colcon_core.package_identification:_identify(.) by extensions ['colcon_meta']
[15.382s] Level 1:colcon.colcon_core.package_identification:_identify(.) by extension 'colcon_meta'
[15.382s] Level 1:colcon.colcon_core.package_identification:_identify(.) by extensions ['ros']
[15.383s] Level 1:colcon.colcon_core.package_identification:_identify(.) by extension 'ros'
[15.563s] Level 1:colcon.colcon_core.package_identification:_identify(.) by extensions ['cmake', 'python']
[15.563s] Level 1:colcon.colcon_core.package_identification:_identify(.) by extension 'cmake'
[15.564s] Level 1:colcon.colcon_core.package_identification:_identify(.) by extension 'python'
[15.584s] Level 1:colcon.colcon_core.package_identification:_identify(.) by extensions ['python_setup_py']
[15.584s] Level 1:colcon.colcon_core.package_identification:_identify(.) by extension 'python_setup_py'
[15.584s] Level 1:colcon.colcon_core.package_identification:_identify(build) by extensions ['ignore', 'ignore_ament_install']
[15.585s] Level 1:colcon.colcon_core.package_identification:_identify(build) by extension 'ignore'
[15.585s] Level 1:colcon.colcon_core.package_identification:_identify(build) ignored
[15.586s] Level 1:colcon.colcon_core.package_identification:_identify(install) by extensions ['ignore', 'ignore_ament_install']
[15.587s] Level 1:colcon.colcon_core.package_identification:_identify(install) by extension 'ignore'
[15.587s] Level 1:colcon.colcon_core.package_identification:_identify(install) ignored
[15.588s] Level 1:colcon.colcon_core.package_identification:_identify(log) by extensions ['ignore', 'ignore_ament_install']
[15.588s] Level 1:colcon.colcon_core.package_identification:_identify(log) by extension 'ignore'
[15.589s] Level 1:colcon.colcon_core.package_identification:_identify(log) ignored
[15.589s] Level 1:colcon.colcon_core.package_identification:_identify(src) by extensions ['ignore', 'ignore_ament_install']
[15.589s] Level 1:colcon.colcon_core.package_identification:_identify(src) by extension 'ignore'
[15.590s] Level 1:colcon.colcon_core.package_identification:_identify(src) by extension 'ignore_ament_install'
[15.593s] Level 1:colcon.colcon_core.package_identification:_identify(src) by extensions ['colcon_pkg']
[15.593s] Level 1:colcon.colcon_core.package_identification:_identify(src) by extension 'colcon_pkg'
[15.596s] Level 1:colcon.colcon_core.package_identification:_identify(src) by extensions ['colcon_meta']
[15.596s] Level 1:colcon.colcon_core.package_identification:_identify(src) by extension 'colcon_meta'
[15.597s] Level 1:colcon.colcon_core.package_identification:_identify(src) by extensions ['ros']
[15.597s] Level 1:colcon.colcon_core.package_identification:_identify(src) by extension 'ros'
[15.599s] Level 1:colcon.colcon_core.package_identification:_identify(src) by extensions ['cmake', 'python']
[15.599s] Level 1:colcon.colcon_core.package_identification:_identify(src) by extension 'cmake'
[15.599s] Level 1:colcon.colcon_core.package_identification:_identify(src) by extension 'python'
[15.600s] Level 1:colcon.colcon_core.package_identification:_identify(src) by extensions ['python_setup_py']
[15.600s] Level 1:colcon.colcon_core.package_identification:_identify(src) by extension 'python_setup_py'
[15.600s] Level 1:colcon.colcon_core.package_identification:_identify(src/build) by extensions ['ignore', 'ignore_ament_install']
[15.601s] Level 1:colcon.colcon_core.package_identification:_identify(src/build) by extension 'ignore'
[15.601s] Level 1:colcon.colcon_core.package_identification:_identify(src/build) ignored
[15.601s] Level 1:colcon.colcon_core.package_identification:_identify(src/install) by extensions ['ignore', 'ignore_ament_install']
[15.602s] Level 1:colcon.colcon_core.package_identification:_identify(src/install) by extension 'ignore'
[15.602s] Level 1:colcon.colcon_core.package_identification:_identify(src/install) ignored
[15.612s] Level 1:colcon.colcon_core.package_identification:_identify(src/log) by extensions ['ignore', 'ignore_ament_install']
[15.613s] Level 1:colcon.colcon_core.package_identification:_identify(src/log) by extension 'ignore'
[15.614s] Level 1:colcon.colcon_core.package_identification:_identify(src/log) ignored
[15.615s] Level 1:colcon.colcon_core.package_identification:_identify(src/moja_paczka) by extensions ['ignore', 'ignore_ament_install']
[15.617s] Level 1:colcon.colcon_core.package_identification:_identify(src/moja_paczka) by extension 'ignore'
[15.618s] Level 1:colcon.colcon_core.package_identification:_identify(src/moja_paczka) by extension 'ignore_ament_install'
[15.628s] Level 1:colcon.colcon_core.package_identification:_identify(src/moja_paczka) by extensions ['colcon_pkg']
[15.628s] Level 1:colcon.colcon_core.package_identification:_identify(src/moja_paczka) by extension 'colcon_pkg'
[15.628s] Level 1:colcon.colcon_core.package_identification:_identify(src/moja_paczka) by extensions ['colcon_meta']
[15.628s] Level 1:colcon.colcon_core.package_identification:_identify(src/moja_paczka) by extension 'colcon_meta'
[15.628s] Level 1:colcon.colcon_core.package_identification:_identify(src/moja_paczka) by extensions ['ros']
[15.628s] Level 1:colcon.colcon_core.package_identification:_identify(src/moja_paczka) by extension 'ros'
[15.677s] DEBUG:colcon.colcon_core.package_identification:Package 'src/moja_paczka' with type 'ros.ament_python' and name 'moja_paczka'
[15.677s] Level 1:colcon.colcon_core.package_discovery:discover_packages(recursive) using defaults
[15.677s] Level 1:colcon.colcon_core.package_discovery:discover_packages(ignore) discover
[15.677s] Level 1:colcon.colcon_core.package_discovery:discover_packages(ignore) using defaults
[15.677s] Level 1:colcon.colcon_core.package_discovery:discover_packages(path) discover
[15.677s] Level 1:colcon.colcon_core.package_discovery:discover_packages(path) using defaults
[17.356s] Level 1:colcon.colcon_core.package_discovery:discover_packages(prefix_path) check parameters
[17.356s] Level 1:colcon.colcon_core.package_discovery:discover_packages(prefix_path) discover
[17.735s] DEBUG:colcon.colcon_installed_package_information.package_discovery:Found 2 installed packages in /home/vboxuser/ros2_ws/install
[18.048s] DEBUG:colcon.colcon_installed_package_information.package_discovery:Found 2 installed packages in /home/vboxuser/ros2_ws/src/install
[18.412s] DEBUG:colcon.colcon_installed_package_information.package_discovery:Found 407 installed packages in /opt/ros/humble
[18.446s] Level 1:colcon.colcon_core.package_discovery:discover_packages(prefix_path) using defaults
[20.167s] Level 5:colcon.colcon_core.verb:set package 'moja_paczka' build argument 'cmake_args' from command line to 'None'
[20.168s] Level 5:colcon.colcon_core.verb:set package 'moja_paczka' build argument 'cmake_target' from command line to 'None'
[20.168s] Level 5:colcon.colcon_core.verb:set package 'moja_paczka' build argument 'cmake_target_skip_unavailable' from command line to 'False'
[20.168s] Level 5:colcon.colcon_core.verb:set package 'moja_paczka' build argument 'cmake_clean_cache' from command line to 'False'
[20.168s] Level 5:colcon.colcon_core.verb:set package 'moja_paczka' build argument 'cmake_clean_first' from command line to 'False'
[20.168s] Level 5:colcon.colcon_core.verb:set package 'moja_paczka' build argument 'cmake_force_configure' from command line to 'False'
[20.168s] Level 5:colcon.colcon_core.verb:set package 'moja_paczka' build argument 'ament_cmake_args' from command line to 'None'
[20.168s] Level 5:colcon.colcon_core.verb:set package 'moja_paczka' build argument 'catkin_cmake_args' from command line to 'None'
[20.169s] Level 5:colcon.colcon_core.verb:set package 'moja_paczka' build argument 'catkin_skip_building_tests' from command line to 'False'
[20.170s] DEBUG:colcon.colcon_core.verb:Building package 'moja_paczka' with the following arguments: {'ament_cmake_args': None, 'build_base': '/home/vboxuser/ros2_ws/build/moja_paczka', 'catkin_cmake_args': None, 'catkin_skip_building_tests': False, 'cmake_args': None, 'cmake_clean_cache': False, 'cmake_clean_first': False, 'cmake_force_configure': False, 'cmake_target': None, 'cmake_target_skip_unavailable': False, 'install_base': '/home/vboxuser/ros2_ws/install/moja_paczka', 'merge_install': False, 'path': '/home/vboxuser/ros2_ws/src/moja_paczka', 'symlink_install': False, 'test_result_base': None}
[20.387s] INFO:colcon.colcon_core.executor:Executing jobs using 'parallel' executor
[20.527s] DEBUG:colcon.colcon_parallel_executor.executor.parallel:run_until_complete
[20.527s] INFO:colcon.colcon_ros.task.ament_python.build:Building ROS package in '/home/vboxuser/ros2_ws/src/moja_paczka' with build type 'ament_python'
[20.528s] Level 1:colcon.colcon_core.shell:create_environment_hook('moja_paczka', 'ament_prefix_path')
[20.654s] INFO:colcon.colcon_core.plugin_system:Skipping extension 'colcon_core.shell.bat': Not used on non-Windows systems
[20.654s] INFO:colcon.colcon_core.shell:Creating environment hook '/home/vboxuser/ros2_ws/install/moja_paczka/share/moja_paczka/hook/ament_prefix_path.ps1'
[20.657s] INFO:colcon.colcon_core.shell:Creating environment descriptor '/home/vboxuser/ros2_ws/install/moja_paczka/share/moja_paczka/hook/ament_prefix_path.dsv'
[20.667s] INFO:colcon.colcon_core.shell:Creating environment hook '/home/vboxuser/ros2_ws/install/moja_paczka/share/moja_paczka/hook/ament_prefix_path.sh'
[20.811s] INFO:colcon.colcon_core.shell:Skip shell extension 'powershell' for command environment: Not usable outside of PowerShell
[20.819s] DEBUG:colcon.colcon_core.shell:Skip shell extension 'dsv' for command environment
[25.291s] INFO:colcon.colcon_core.task.python.build:Building Python package in '/home/vboxuser/ros2_ws/src/moja_paczka'
[25.476s] INFO:colcon.colcon_core.shell:Skip shell extension 'powershell' for command environment: Not usable outside of PowerShell
[25.485s] DEBUG:colcon.colcon_core.shell:Skip shell extension 'dsv' for command environment
[30.713s] DEBUG:colcon.colcon_core.event_handler.log_command:Invoking command in '/home/vboxuser/ros2_ws/src/moja_paczka': PYTHONPATH=/home/vboxuser/ros2_ws/build/moja_paczka/prefix_override:/home/vboxuser/ros2_ws/install/moja_paczka/lib/python3.10/site-packages:${PYTHONPATH} /usr/bin/python3 setup.py egg_info --egg-base ../../build/moja_paczka build --build-base /home/vboxuser/ros2_ws/build/moja_paczka/build install --record /home/vboxuser/ros2_ws/build/moja_paczka/install.log --single-version-externally-managed
[34.181s] DEBUG:colcon.colcon_core.event_handler.log_command:Invoked command in '/home/vboxuser/ros2_ws/src/moja_paczka' returned '0': PYTHONPATH=/home/vboxuser/ros2_ws/build/moja_paczka/prefix_override:/home/vboxuser/ros2_ws/install/moja_paczka/lib/python3.10/site-packages:${PYTHONPATH} /usr/bin/python3 setup.py egg_info --egg-base ../../build/moja_paczka build --build-base /home/vboxuser/ros2_ws/build/moja_paczka/build install --record /home/vboxuser/ros2_ws/build/moja_paczka/install.log --single-version-externally-managed
[34.361s] Level 1:colcon.colcon_core.environment:checking '/home/vboxuser/ros2_ws/install/moja_paczka' for CMake module files
[34.367s] Level 1:colcon.colcon_core.environment:checking '/home/vboxuser/ros2_ws/install/moja_paczka' for CMake config files
[34.370s] Level 1:colcon.colcon_core.environment:checking '/home/vboxuser/ros2_ws/install/moja_paczka/lib'
[34.374s] Level 1:colcon.colcon_core.environment:checking '/home/vboxuser/ros2_ws/install/moja_paczka/bin'
[34.374s] Level 1:colcon.colcon_core.environment:checking '/home/vboxuser/ros2_ws/install/moja_paczka/lib/pkgconfig/moja_paczka.pc'
[34.375s] Level 1:colcon.colcon_core.environment:checking '/home/vboxuser/ros2_ws/install/moja_paczka/lib/python3.10/site-packages'
[34.376s] Level 1:colcon.colcon_core.shell:create_environment_hook('moja_paczka', 'pythonpath')
[34.453s] INFO:colcon.colcon_core.shell:Creating environment hook '/home/vboxuser/ros2_ws/install/moja_paczka/share/moja_paczka/hook/pythonpath.ps1'
[34.454s] INFO:colcon.colcon_core.shell:Creating environment descriptor '/home/vboxuser/ros2_ws/install/moja_paczka/share/moja_paczka/hook/pythonpath.dsv'
[34.454s] INFO:colcon.colcon_core.shell:Creating environment hook '/home/vboxuser/ros2_ws/install/moja_paczka/share/moja_paczka/hook/pythonpath.sh'
[34.475s] Level 1:colcon.colcon_core.environment:checking '/home/vboxuser/ros2_ws/install/moja_paczka/bin'
[34.476s] Level 1:colcon.colcon_core.environment:create_environment_scripts_only(moja_paczka)
[34.611s] INFO:colcon.colcon_core.shell:Creating package script '/home/vboxuser/ros2_ws/install/moja_paczka/share/moja_paczka/package.ps1'
[34.615s] INFO:colcon.colcon_core.shell:Creating package descriptor '/home/vboxuser/ros2_ws/install/moja_paczka/share/moja_paczka/package.dsv'
[34.617s] INFO:colcon.colcon_core.shell:Creating package script '/home/vboxuser/ros2_ws/install/moja_paczka/share/moja_paczka/package.sh'
[34.639s] INFO:colcon.colcon_core.shell:Creating package script '/home/vboxuser/ros2_ws/install/moja_paczka/share/moja_paczka/package.bash'
[34.655s] INFO:colcon.colcon_core.shell:Creating package script '/home/vboxuser/ros2_ws/install/moja_paczka/share/moja_paczka/package.zsh'
[34.657s] Level 1:colcon.colcon_core.environment:create_file_with_runtime_dependencies(/home/vboxuser/ros2_ws/install/moja_paczka/share/colcon-core/packages/moja_paczka)
[34.660s] DEBUG:colcon.colcon_parallel_executor.executor.parallel:closing loop
[34.660s] DEBUG:colcon.colcon_parallel_executor.executor.parallel:loop closed
[34.660s] DEBUG:colcon.colcon_parallel_executor.executor.parallel:run_until_complete finished with '0'
[34.660s] DEBUG:colcon.colcon_core.event_reactor:joining thread
[34.941s] INFO:colcon.colcon_core.plugin_system:Skipping extension 'colcon_notification.desktop_notification.terminal_notifier': Not used on non-Darwin systems
[34.941s] INFO:colcon.colcon_core.plugin_system:Skipping extension 'colcon_notification.desktop_notification.win32': Not used on non-Windows systems
[34.942s] INFO:colcon.colcon_notification.desktop_notification:Sending desktop notification using 'notify2'
[35.024s] DEBUG:colcon.colcon_core.event_reactor:joined thread
[35.195s] INFO:colcon.colcon_core.shell:Creating prefix script '/home/vboxuser/ros2_ws/install/local_setup.ps1'
[35.204s] INFO:colcon.colcon_core.shell:Creating prefix util module '/home/vboxuser/ros2_ws/install/_local_setup_util_ps1.py'
[35.218s] INFO:colcon.colcon_core.shell:Creating prefix chain script '/home/vboxuser/ros2_ws/install/setup.ps1'
[35.362s] INFO:colcon.colcon_core.shell:Creating prefix script '/home/vboxuser/ros2_ws/install/local_setup.sh'
[35.364s] INFO:colcon.colcon_core.shell:Creating prefix util module '/home/vboxuser/ros2_ws/install/_local_setup_util_sh.py'
[35.365s] INFO:colcon.colcon_core.shell:Creating prefix chain script '/home/vboxuser/ros2_ws/install/setup.sh'
[35.497s] INFO:colcon.colcon_core.shell:Creating prefix script '/home/vboxuser/ros2_ws/install/local_setup.bash'
[35.498s] INFO:colcon.colcon_core.shell:Creating prefix chain script '/home/vboxuser/ros2_ws/install/setup.bash'
[35.595s] INFO:colcon.colcon_core.shell:Creating prefix script '/home/vboxuser/ros2_ws/install/local_setup.zsh'
[35.597s] INFO:colcon.colcon_core.shell:Creating prefix chain script '/home/vboxuser/ros2_ws/install/setup.zsh'
