[10.169s] Invoking command in '/home/vboxuser/ros2_ws/src/moja_paczka': PYTHONPATH=/home/vboxuser/ros2_ws/build/moja_paczka/prefix_override:/home/vboxuser/ros2_ws/install/moja_paczka/lib/python3.10/site-packages:${PYTHONPATH} /usr/bin/python3 setup.py egg_info --egg-base ../../build/moja_paczka build --build-base /home/vboxuser/ros2_ws/build/moja_paczka/build install --record /home/vboxuser/ros2_ws/build/moja_paczka/install.log --single-version-externally-managed
[13.103s] running egg_info
[13.107s] writing ../../build/moja_paczka/moja_paczka.egg-info/PKG-INFO
[13.109s] writing dependency_links to ../../build/moja_paczka/moja_paczka.egg-info/dependency_links.txt
[13.110s] writing entry points to ../../build/moja_paczka/moja_paczka.egg-info/entry_points.txt
[13.111s] writing requirements to ../../build/moja_paczka/moja_paczka.egg-info/requires.txt
[13.112s] writing top-level names to ../../build/moja_paczka/moja_paczka.egg-info/top_level.txt
[13.139s] reading manifest file '../../build/moja_paczka/moja_paczka.egg-info/SOURCES.txt'
[13.147s] writing manifest file '../../build/moja_paczka/moja_paczka.egg-info/SOURCES.txt'
[13.147s] running build
[13.148s] running build_py
[13.149s] running install
[13.151s] /usr/lib/python3/dist-packages/setuptools/command/install.py:34: SetuptoolsDeprecationWarning: setup.py install is deprecated. Use build and pip and other standards-based tools.
[13.151s]   warnings.warn(
[13.154s] running install_lib
[13.174s] running install_data
[13.176s] running install_egg_info
[13.183s] removing '/home/vboxuser/ros2_ws/install/moja_paczka/lib/python3.10/site-packages/moja_paczka-0.0.0-py3.10.egg-info' (and everything under it)
[13.193s] Copying ../../build/moja_paczka/moja_paczka.egg-info to /home/vboxuser/ros2_ws/install/moja_paczka/lib/python3.10/site-packages/moja_paczka-0.0.0-py3.10.egg-info
[13.203s] running install_scripts
[13.409s] Installing publisher script to /home/vboxuser/ros2_ws/install/moja_paczka/lib/moja_paczka
[13.410s] writing list of installed files to '/home/vboxuser/ros2_ws/build/moja_paczka/install.log'
[13.637s] Invoked command in '/home/vboxuser/ros2_ws/src/moja_paczka' returned '0': PYTHONPATH=/home/vboxuser/ros2_ws/build/moja_paczka/prefix_override:/home/vboxuser/ros2_ws/install/moja_paczka/lib/python3.10/site-packages:${PYTHONPATH} /usr/bin/python3 setup.py egg_info --egg-base ../../build/moja_paczka build --build-base /home/vboxuser/ros2_ws/build/moja_paczka/build install --record /home/vboxuser/ros2_ws/build/moja_paczka/install.log --single-version-externally-managed
