[1.443s] Invoking command in '/home/borowa/ros2_ws/src/projekt_niodsr': PYTHONPATH=/home/borowa/ros2_ws/build/projekt_niodsr/prefix_override:/home/borowa/ros2_ws/install/projekt_niodsr/lib/python3.10/site-packages:${PYTHONPATH} /usr/bin/python3 setup.py egg_info --egg-base ../../build/projekt_niodsr build --build-base /home/borowa/ros2_ws/build/projekt_niodsr/build install --record /home/borowa/ros2_ws/build/projekt_niodsr/install.log --single-version-externally-managed
[1.656s] running egg_info
[1.666s] writing ../../build/projekt_niodsr/projekt_niodsr.egg-info/PKG-INFO
[1.667s] writing dependency_links to ../../build/projekt_niodsr/projekt_niodsr.egg-info/dependency_links.txt
[1.668s] writing entry points to ../../build/projekt_niodsr/projekt_niodsr.egg-info/entry_points.txt
[1.668s] writing requirements to ../../build/projekt_niodsr/projekt_niodsr.egg-info/requires.txt
[1.668s] writing top-level names to ../../build/projekt_niodsr/projekt_niodsr.egg-info/top_level.txt
[1.668s] reading manifest file '../../build/projekt_niodsr/projekt_niodsr.egg-info/SOURCES.txt'
[1.668s] writing manifest file '../../build/projekt_niodsr/projekt_niodsr.egg-info/SOURCES.txt'
[1.668s] running build
[1.668s] running build_py
[1.670s] copying projekt_niodsr/publisher.py -> /home/borowa/ros2_ws/build/projekt_niodsr/build/lib/projekt_niodsr
[1.670s] running install
[1.670s] /usr/lib/python3/dist-packages/setuptools/command/install.py:34: SetuptoolsDeprecationWarning: setup.py install is deprecated. Use build and pip and other standards-based tools.
[1.670s]   warnings.warn(
[1.671s] running install_lib
[1.671s] copying /home/borowa/ros2_ws/build/projekt_niodsr/build/lib/projekt_niodsr/publisher.py -> /home/borowa/ros2_ws/install/projekt_niodsr/lib/python3.10/site-packages/projekt_niodsr
[1.671s] byte-compiling /home/borowa/ros2_ws/install/projekt_niodsr/lib/python3.10/site-packages/projekt_niodsr/publisher.py to publisher.cpython-310.pyc
[1.671s] running install_data
[1.671s] running install_egg_info
[1.672s] removing '/home/borowa/ros2_ws/install/projekt_niodsr/lib/python3.10/site-packages/projekt_niodsr-0.0.0-py3.10.egg-info' (and everything under it)
[1.672s] Copying ../../build/projekt_niodsr/projekt_niodsr.egg-info to /home/borowa/ros2_ws/install/projekt_niodsr/lib/python3.10/site-packages/projekt_niodsr-0.0.0-py3.10.egg-info
[1.673s] running install_scripts
[1.693s] Installing publisher script to /home/borowa/ros2_ws/install/projekt_niodsr/lib/projekt_niodsr
[1.695s] writing list of installed files to '/home/borowa/ros2_ws/build/projekt_niodsr/install.log'
[1.726s] Invoked command in '/home/borowa/ros2_ws/src/projekt_niodsr' returned '0': PYTHONPATH=/home/borowa/ros2_ws/build/projekt_niodsr/prefix_override:/home/borowa/ros2_ws/install/projekt_niodsr/lib/python3.10/site-packages:${PYTHONPATH} /usr/bin/python3 setup.py egg_info --egg-base ../../build/projekt_niodsr build --build-base /home/borowa/ros2_ws/build/projekt_niodsr/build install --record /home/borowa/ros2_ws/build/projekt_niodsr/install.log --single-version-externally-managed
