[3.900s] Invoking command in '/home/vboxuser/ros2_ws/build/moja_paczka': PYTHONPATH=/home/vboxuser/ros2_ws/build/moja_paczka/prefix_override:/home/vboxuser/ros2_ws/install/moja_paczka/lib/python3.10/site-packages:${PYTHONPATH} /usr/bin/python3 setup.py develop --editable --build-directory /home/vboxuser/ros2_ws/build/moja_paczka/build --no-deps install_data
[5.474s] running develop
[5.488s] /usr/lib/python3/dist-packages/setuptools/command/easy_install.py:158: EasyInstallDeprecationWarning: easy_install command is deprecated. Use build and pip and other standards-based tools.
[5.488s]   warnings.warn(
[5.497s] /usr/lib/python3/dist-packages/setuptools/command/install.py:34: SetuptoolsDeprecationWarning: setup.py install is deprecated. Use build and pip and other standards-based tools.
[5.497s]   warnings.warn(
[6.687s] running egg_info
[6.691s] writing moja_paczka.egg-info/PKG-INFO
[6.693s] writing dependency_links to moja_paczka.egg-info/dependency_links.txt
[6.695s] writing entry points to moja_paczka.egg-info/entry_points.txt
[6.696s] writing requirements to moja_paczka.egg-info/requires.txt
[6.697s] writing top-level names to moja_paczka.egg-info/top_level.txt
[6.712s] reading manifest file 'moja_paczka.egg-info/SOURCES.txt'
[6.719s] writing manifest file 'moja_paczka.egg-info/SOURCES.txt'
[6.728s] running build_ext
[6.730s] Creating /home/vboxuser/ros2_ws/install/moja_paczka/lib/python3.10/site-packages/moja-paczka.egg-link (link to .)
[6.734s] 
[6.734s] Installed /home/vboxuser/ros2_ws/build/moja_paczka
[6.735s] running install_data
[6.900s] Invoked command in '/home/vboxuser/ros2_ws/build/moja_paczka' returned '0': PYTHONPATH=/home/vboxuser/ros2_ws/build/moja_paczka/prefix_override:/home/vboxuser/ros2_ws/install/moja_paczka/lib/python3.10/site-packages:${PYTHONPATH} /usr/bin/python3 setup.py develop --editable --build-directory /home/vboxuser/ros2_ws/build/moja_paczka/build --no-deps install_data
