[2.403s] Invoking command in '/home/borowa/ros2_ws/src/projekt_niodsr': PYTHONPATH=/home/borowa/ros2_ws/build/projekt_niodsr/prefix_override:/home/borowa/ros2_ws/install/projekt_niodsr/lib/python3.10/site-packages:${PYTHONPATH} /usr/bin/python3 setup.py egg_info --egg-base ../../build/projekt_niodsr build --build-base /home/borowa/ros2_ws/build/projekt_niodsr/build install --record /home/borowa/ros2_ws/build/projekt_niodsr/install.log --single-version-externally-managed
[3.073s] running egg_info
[3.074s] writing ../../build/projekt_niodsr/projekt_niodsr.egg-info/PKG-INFO
[3.075s] writing dependency_links to ../../build/projekt_niodsr/projekt_niodsr.egg-info/dependency_links.txt
[3.075s] writing entry points to ../../build/projekt_niodsr/projekt_niodsr.egg-info/entry_points.txt
[3.075s] writing requirements to ../../build/projekt_niodsr/projekt_niodsr.egg-info/requires.txt
[3.076s] writing top-level names to ../../build/projekt_niodsr/projekt_niodsr.egg-info/top_level.txt
[3.078s] reading manifest file '../../build/projekt_niodsr/projekt_niodsr.egg-info/SOURCES.txt'
[3.088s] writing manifest file '../../build/projekt_niodsr/projekt_niodsr.egg-info/SOURCES.txt'
[3.088s] running build
[3.089s] running build_py
[3.089s] running install
[3.089s] running install_lib
[3.092s] /usr/lib/python3/dist-packages/setuptools/command/install.py:34: SetuptoolsDeprecationWarning: setup.py install is deprecated. Use build and pip and other standards-based tools.
[3.092s]   warnings.warn(
[3.093s] running install_data
[3.094s] running install_egg_info
[3.094s] removing '/home/borowa/ros2_ws/install/projekt_niodsr/lib/python3.10/site-packages/projekt_niodsr-0.0.0-py3.10.egg-info' (and everything under it)
[3.094s] Copying ../../build/projekt_niodsr/projekt_niodsr.egg-info to /home/borowa/ros2_ws/install/projekt_niodsr/lib/python3.10/site-packages/projekt_niodsr-0.0.0-py3.10.egg-info
[3.095s] running install_scripts
[3.291s] writing list of installed files to '/home/borowa/ros2_ws/build/projekt_niodsr/install.log'
[3.465s] Invoked command in '/home/borowa/ros2_ws/src/projekt_niodsr' returned '0': PYTHONPATH=/home/borowa/ros2_ws/build/projekt_niodsr/prefix_override:/home/borowa/ros2_ws/install/projekt_niodsr/lib/python3.10/site-packages:${PYTHONPATH} /usr/bin/python3 setup.py egg_info --egg-base ../../build/projekt_niodsr build --build-base /home/borowa/ros2_ws/build/projekt_niodsr/build install --record /home/borowa/ros2_ws/build/projekt_niodsr/install.log --single-version-externally-managed
