[1.664s] Invoking command in '/home/borowa/ros2_ws/src/moja_paczka': PYTHONPATH=/home/borowa/ros2_ws/build/moja_paczka/prefix_override:/home/borowa/ros2_ws/install/moja_paczka/lib/python3.10/site-packages:${PYTHONPATH} /usr/bin/python3 setup.py egg_info --egg-base ../../build/moja_paczka build --build-base /home/borowa/ros2_ws/build/moja_paczka/build install --record /home/borowa/ros2_ws/build/moja_paczka/install.log --single-version-externally-managed
[1.917s] running egg_info
[1.917s] writing ../../build/moja_paczka/moja_paczka.egg-info/PKG-INFO
[1.917s] writing dependency_links to ../../build/moja_paczka/moja_paczka.egg-info/dependency_links.txt
[1.918s] writing entry points to ../../build/moja_paczka/moja_paczka.egg-info/entry_points.txt
[1.918s] writing requirements to ../../build/moja_paczka/moja_paczka.egg-info/requires.txt
[1.918s] writing top-level names to ../../build/moja_paczka/moja_paczka.egg-info/top_level.txt
[1.953s] reading manifest file '../../build/moja_paczka/moja_paczka.egg-info/SOURCES.txt'
[1.953s] writing manifest file '../../build/moja_paczka/moja_paczka.egg-info/SOURCES.txt'
[1.954s] running build
[1.954s] running build_py
[1.954s] running install
[1.954s] running install_lib
[1.954s] /usr/lib/python3/dist-packages/setuptools/command/install.py:34: SetuptoolsDeprecationWarning: setup.py install is deprecated. Use build and pip and other standards-based tools.
[1.954s]   warnings.warn(
[1.954s] byte-compiling /home/borowa/ros2_ws/install/moja_paczka/lib/python3.10/site-packages/moja_paczka/publisher.py to publisher.cpython-310.pyc
[1.954s] running install_data
[1.954s] running install_egg_info
[1.954s] removing '/home/borowa/ros2_ws/install/moja_paczka/lib/python3.10/site-packages/moja_paczka-0.0.0-py3.10.egg-info' (and everything under it)
[1.954s] Copying ../../build/moja_paczka/moja_paczka.egg-info to /home/borowa/ros2_ws/install/moja_paczka/lib/python3.10/site-packages/moja_paczka-0.0.0-py3.10.egg-info
[1.954s] running install_scripts
[1.955s] Installing publisher script to /home/borowa/ros2_ws/install/moja_paczka/lib/moja_paczka
[1.955s] writing list of installed files to '/home/borowa/ros2_ws/build/moja_paczka/install.log'
[2.059s] Invoked command in '/home/borowa/ros2_ws/src/moja_paczka' returned '0': PYTHONPATH=/home/borowa/ros2_ws/build/moja_paczka/prefix_override:/home/borowa/ros2_ws/install/moja_paczka/lib/python3.10/site-packages:${PYTHONPATH} /usr/bin/python3 setup.py egg_info --egg-base ../../build/moja_paczka build --build-base /home/borowa/ros2_ws/build/moja_paczka/build install --record /home/borowa/ros2_ws/build/moja_paczka/install.log --single-version-externally-managed
