[2.216s] Invoking command in '/home/borowa/ros2_ws/src/moja_paczka': PYTHONPATH=/home/borowa/ros2_ws/build/moja_paczka/prefix_override:/home/borowa/ros2_ws/install/moja_paczka/lib/python3.10/site-packages:${PYTHONPATH} /usr/bin/python3 setup.py egg_info --egg-base ../../build/moja_paczka build --build-base /home/borowa/ros2_ws/build/moja_paczka/build install --record /home/borowa/ros2_ws/build/moja_paczka/install.log --single-version-externally-managed
[2.449s] running egg_info
[2.450s] creating ../../build/moja_paczka/moja_paczka.egg-info
[2.450s] writing ../../build/moja_paczka/moja_paczka.egg-info/PKG-INFO
[2.450s] writing dependency_links to ../../build/moja_paczka/moja_paczka.egg-info/dependency_links.txt
[2.451s] writing entry points to ../../build/moja_paczka/moja_paczka.egg-info/entry_points.txt
[2.451s] writing requirements to ../../build/moja_paczka/moja_paczka.egg-info/requires.txt
[2.451s] writing top-level names to ../../build/moja_paczka/moja_paczka.egg-info/top_level.txt
[2.451s] writing manifest file '../../build/moja_paczka/moja_paczka.egg-info/SOURCES.txt'
[2.452s] reading manifest file '../../build/moja_paczka/moja_paczka.egg-info/SOURCES.txt'
[2.453s] writing manifest file '../../build/moja_paczka/moja_paczka.egg-info/SOURCES.txt'
[2.454s] running build
[2.454s] running build_py
[2.454s] creating /home/borowa/ros2_ws/build/moja_paczka/build
[2.454s] creating /home/borowa/ros2_ws/build/moja_paczka/build/lib
[2.454s] creating /home/borowa/ros2_ws/build/moja_paczka/build/lib/moja_paczka
[2.454s] copying moja_paczka/publisher.py -> /home/borowa/ros2_ws/build/moja_paczka/build/lib/moja_paczka
[2.454s] copying moja_paczka/__init__.py -> /home/borowa/ros2_ws/build/moja_paczka/build/lib/moja_paczka
[2.454s] running install
[2.454s] running install_lib
[2.454s] /usr/lib/python3/dist-packages/setuptools/command/install.py:34: SetuptoolsDeprecationWarning: setup.py install is deprecated. Use build and pip and other standards-based tools.
[2.455s]   warnings.warn(
[2.459s] creating /home/borowa/ros2_ws/install/moja_paczka/lib/python3.10/site-packages/moja_paczka
[2.459s] copying /home/borowa/ros2_ws/build/moja_paczka/build/lib/moja_paczka/publisher.py -> /home/borowa/ros2_ws/install/moja_paczka/lib/python3.10/site-packages/moja_paczka
[2.459s] copying /home/borowa/ros2_ws/build/moja_paczka/build/lib/moja_paczka/__init__.py -> /home/borowa/ros2_ws/install/moja_paczka/lib/python3.10/site-packages/moja_paczka
[2.460s] byte-compiling /home/borowa/ros2_ws/install/moja_paczka/lib/python3.10/site-packages/moja_paczka/publisher.py to publisher.cpython-310.pyc
[2.461s]   File "/home/borowa/ros2_ws/install/moja_paczka/lib/python3.10/site-packages/moja_paczka/publisher.py", line 35
[2.461s]     if self.x_y[1] > self.window_size[1]
[2.461s]                                         ^
[2.461s] SyntaxError: expected ':'
[2.461s] 
[2.461s] byte-compiling /home/borowa/ros2_ws/install/moja_paczka/lib/python3.10/site-packages/moja_paczka/__init__.py to __init__.cpython-310.pyc
[2.461s] running install_data
[2.463s] creating /home/borowa/ros2_ws/install/moja_paczka/share/ament_index
[2.463s] creating /home/borowa/ros2_ws/install/moja_paczka/share/ament_index/resource_index
[2.463s] creating /home/borowa/ros2_ws/install/moja_paczka/share/ament_index/resource_index/packages
[2.463s] copying resource/moja_paczka -> /home/borowa/ros2_ws/install/moja_paczka/share/ament_index/resource_index/packages
[2.463s] copying package.xml -> /home/borowa/ros2_ws/install/moja_paczka/share/moja_paczka
[2.463s] running install_egg_info
[2.475s] Copying ../../build/moja_paczka/moja_paczka.egg-info to /home/borowa/ros2_ws/install/moja_paczka/lib/python3.10/site-packages/moja_paczka-0.0.0-py3.10.egg-info
[2.479s] running install_scripts
[2.512s] Installing publisher script to /home/borowa/ros2_ws/install/moja_paczka/lib/moja_paczka
[2.518s] writing list of installed files to '/home/borowa/ros2_ws/build/moja_paczka/install.log'
[2.545s] Invoked command in '/home/borowa/ros2_ws/src/moja_paczka' returned '0': PYTHONPATH=/home/borowa/ros2_ws/build/moja_paczka/prefix_override:/home/borowa/ros2_ws/install/moja_paczka/lib/python3.10/site-packages:${PYTHONPATH} /usr/bin/python3 setup.py egg_info --egg-base ../../build/moja_paczka build --build-base /home/borowa/ros2_ws/build/moja_paczka/build install --record /home/borowa/ros2_ws/build/moja_paczka/install.log --single-version-externally-managed
